Log file open, 07/15/23 23:52:07
LogWindows: Failed to load 'aqProf.dll' (GetLastError=126)
LogWindows: File 'aqProf.dll' does not exist
LogWindows: Failed to load 'VtuneApi.dll' (GetLastError=126)
LogWindows: File 'VtuneApi.dll' does not exist
LogWindows: Failed to load 'VtuneApi32e.dll' (GetLastError=126)
LogWindows: File 'VtuneApi32e.dll' does not exist
LogConsoleResponse: Display: Failed to find resolution value strings in scalability ini. Falling back to default.
LogConsoleResponse: Display: Failed to find resolution value strings in scalability ini. Falling back to default.
LogInit: Display: Running engine for game: VR_Prototypes
LogPlatformFile: Not using cached read wrapper
LogTaskGraph: Started task graph with 5 named threads and 71 total threads with 3 sets of task threads.
LogStats: Stats thread started at 0.159504
LogICUInternationalization: ICU TimeZone Detection - Raw Offset: -5:00, Platform Override: ''
LogInit: Display: Loading text-based GConfig....
LogPluginManager: Mounting plugin MeshPainting
LogPluginManager: Mounting plugin XGEController
LogPluginManager: Mounting plugin Paper2D
LogPluginManager: Mounting plugin AISupport
LogPluginManager: Mounting plugin EnvironmentQueryEditor
LogPluginManager: Mounting plugin LiveLink
LogPluginManager: Mounting plugin LightPropagationVolume
LogPluginManager: Mounting plugin AnimationSharing
LogPluginManager: Mounting plugin CLionSourceCodeAccess
LogPluginManager: Mounting plugin CodeLiteSourceCodeAccess
LogPluginManager: Mounting plugin GitSourceControl
LogPluginManager: Mounting plugin KDevelopSourceCodeAccess
LogPluginManager: Mounting plugin NullSourceCodeAccess
LogPluginManager: Mounting plugin PerforceSourceControl
LogPluginManager: Mounting plugin PlasticSourceControl
LogPluginManager: Mounting plugin PluginUtils
LogPluginManager: Mounting plugin PropertyAccessNode
LogPluginManager: Mounting plugin RiderSourceCodeAccess
LogPluginManager: Mounting plugin SubversionSourceControl
LogPluginManager: Mounting plugin PixWinPlugin
LogPluginManager: Mounting plugin OodleData
LogPluginManager: Mounting plugin TextureFormatOodle
LogPluginManager: Mounting plugin OodleNetwork
LogPluginManager: Mounting plugin UObjectPlugin
LogPluginManager: Mounting plugin XCodeSourceCodeAccess
LogPluginManager: Mounting plugin VisualStudioCodeSourceCodeAccess
LogPluginManager: Mounting plugin VisualStudioSourceCodeAccess
LogPluginManager: Mounting plugin DatasmithContent
LogPluginManager: Mounting plugin VariantManagerContent
LogPluginManager: Mounting plugin Niagara
LogPluginManager: Mounting plugin AssetManagerEditor
LogPluginManager: Mounting plugin AlembicImporter
LogPluginManager: Mounting plugin AutomationUtils
LogPluginManager: Mounting plugin BackChannel
LogPluginManager: Mounting plugin ChaosCloth
LogPluginManager: Mounting plugin ChaosClothEditor
LogPluginManager: Mounting plugin ChaosEditor
LogPluginManager: Mounting plugin ChaosNiagara
LogPluginManager: Mounting plugin ChaosSolverPlugin
LogPluginManager: Mounting plugin CharacterAI
LogPluginManager: Mounting plugin GeometryCache
LogPluginManager: Mounting plugin GeometryCollectionPlugin
LogPluginManager: Mounting plugin LuminPlatformFeatures
LogPluginManager: Mounting plugin MagicLeap
LogPluginManager: Mounting plugin MagicLeapLightEstimation
LogPluginManager: Mounting plugin MagicLeapMedia
LogPluginManager: Mounting plugin MagicLeapPassableWorld
LogPluginManager: Mounting plugin MLSDK
LogPluginManager: Mounting plugin GeometryProcessing
LogPluginManager: Mounting plugin MotoSynth
LogPluginManager: Mounting plugin OpenImageDenoise
LogPluginManager: Mounting plugin PlanarCut
LogPluginManager: Mounting plugin PlatformCrypto
LogPluginManager: Mounting plugin ProxyLODPlugin
LogPluginManager: Mounting plugin PythonScriptPlugin
LogPluginManager: Mounting plugin SkeletalReduction
LogPluginManager: Mounting plugin AndroidMedia
LogPluginManager: Mounting plugin AvfMedia
LogPluginManager: Mounting plugin ImgMedia
LogPluginManager: Mounting plugin MediaCompositing
LogPluginManager: Mounting plugin MediaPlayerEditor
LogPluginManager: Mounting plugin WebMMedia
LogPluginManager: Mounting plugin WmfMedia
LogPluginManager: Mounting plugin TcpMessaging
LogPluginManager: Mounting plugin UdpMessaging
LogPluginManager: Mounting plugin OnlineSubsystem
LogPluginManager: Mounting plugin OnlineSubsystemNull
LogPluginManager: Mounting plugin OnlineSubsystemUtils
LogPluginManager: Mounting plugin ActorSequence
LogPluginManager: Mounting plugin LevelSequenceEditor
LogPluginManager: Mounting plugin MatineeToLevelSequence
LogPluginManager: Mounting plugin TemplateSequence
LogPluginManager: Mounting plugin LauncherChunkInstaller
LogPluginManager: Mounting plugin ActorLayerUtilities
LogPluginManager: Mounting plugin AndroidDeviceProfileSelector
LogPluginManager: Mounting plugin AndroidMoviePlayer
LogPluginManager: Mounting plugin AndroidPermission
LogPluginManager: Mounting plugin AppleImageUtils
LogPluginManager: Mounting plugin AppleMoviePlayer
LogPluginManager: Mounting plugin ArchVisCharacter
LogPluginManager: Mounting plugin AssetTags
LogPluginManager: Mounting plugin AudioCapture
LogPluginManager: Mounting plugin CableComponent
LogPluginManager: Mounting plugin ChunkDownloader
LogPluginManager: Mounting plugin CustomMeshComponent
LogPluginManager: Mounting plugin AudioSynesthesia
LogPluginManager: Mounting plugin EditableMesh
LogPluginManager: Mounting plugin ExampleDeviceProfileSelector
LogPluginManager: Mounting plugin GooglePAD
LogPluginManager: Mounting plugin GoogleCloudMessaging
LogPluginManager: Mounting plugin IOSDeviceProfileSelector
LogPluginManager: Mounting plugin LinuxDeviceProfileSelector
LogPluginManager: Mounting plugin LocationServicesBPLibrary
LogPluginManager: Mounting plugin MobilePatchingUtils
LogPluginManager: Mounting plugin OpenXR
LogPluginManager: Mounting plugin OpenXREyeTracker
LogPluginManager: Mounting plugin OpenXRHandTracking
LogPluginManager: Mounting plugin PhysXVehicles
LogPluginManager: Mounting plugin PostSplashScreen
LogPluginManager: Mounting plugin ProceduralMeshComponent
LogPluginManager: Mounting plugin ResonanceAudio
LogPluginManager: Mounting plugin PropertyAccessEditor
LogPluginManager: Mounting plugin RuntimePhysXCooking
LogPluginManager: Mounting plugin SignificanceManager
LogPluginManager: Mounting plugin SoundFields
LogPluginManager: Mounting plugin ScreenshotTools
LogPluginManager: Mounting plugin Synthesis
LogPluginManager: Mounting plugin WebMMoviePlayer
LogPluginManager: Mounting plugin WindowsMoviePlayer
LogPluginManager: Mounting plugin Takes
LogPluginManager: Mounting plugin CryptoKeys
LogPluginManager: Mounting plugin CurveEditorTools
LogPluginManager: Mounting plugin DataValidation
LogPluginManager: Mounting plugin FacialAnimation
LogPluginManager: Mounting plugin GeometryMode
LogPluginManager: Mounting plugin MacGraphicsSwitching
LogPluginManager: Mounting plugin MaterialAnalyzer
LogPluginManager: Mounting plugin MobileLauncherProfileWizard
LogPluginManager: Mounting plugin GameplayTagsEditor
LogPluginManager: Mounting plugin PluginBrowser
LogPluginManager: Mounting plugin SpeedTreeImporter
LogPluginManager: Mounting plugin CameraShakePreviewer
LogPluginManager: Mounting plugin GameplayCameras
LogPluginManager: Mounting plugin OnlineSubsystemIOS
LogPluginManager: Mounting plugin OnlineSubsystemGooglePlay
LogPluginManager: Mounting plugin OculusOpenXR
LogPluginManager: Mounting plugin ContentBrowserAssetDataSource
LogPluginManager: Mounting plugin ContentBrowserFileDataSource
LogPluginManager: Mounting plugin ContentBrowserClassDataSource
PixWinPlugin: PIX capture plugin failed to initialize! Check that the process is launched from PIX.
LogInit: Using libcurl 7.55.1-DEV
LogInit:  - built for x86_64-pc-win32
LogInit:  - supports SSL with OpenSSL/1.1.1
LogInit:  - supports HTTP deflate (compression) using libz 1.2.8
LogInit:  - other features:
LogInit:      CURL_VERSION_SSL
LogInit:      CURL_VERSION_LIBZ
LogInit:      CURL_VERSION_IPV6
LogInit:      CURL_VERSION_ASYNCHDNS
LogInit:      CURL_VERSION_LARGEFILE
LogInit:      CURL_VERSION_IDN
LogInit:  CurlRequestOptions (configurable via config and command line):
LogInit:  - bVerifyPeer = true  - Libcurl will verify peer certificate
LogInit:  - bUseHttpProxy = false  - Libcurl will NOT use HTTP proxy
LogInit:  - bDontReuseConnections = false  - Libcurl will reuse connections
LogInit:  - MaxHostConnections = 16  - Libcurl will limit the number of connections to a host
LogInit:  - LocalHostAddr = Default
LogInit:  - BufferSize = 65536
LogOnline: OSS: Creating online subsystem instance for: NULL
LogInit: WinSock: version 1.1 (2.2), MaxSocks=32767, MaxUdp=65467
LogOnline: OSS: TryLoadSubsystemAndSetDefault: Loaded subsystem for module [NULL]
LogInit: Build: ++UE4+Release-4.27-CL-18319896
LogInit: Engine Version: 4.27.2-18319896+++UE4+Release-4.27
LogInit: Compatible Engine Version: 4.27.0-17155196+++UE4+Release-4.27
LogInit: Net CL: 17155196
LogInit: OS: Windows 10 (Release 2009) (), CPU: 13th Gen Intel(R) Core(TM) i7-13700K, GPU: NVIDIA GeForce RTX 4080
LogInit: Compiled (64-bit): Nov 30 2021 07:12:08
LogInit: Compiled with Visual C++: 19.24.28315.00
LogInit: Build Configuration: Development
LogInit: Branch Name: ++UE4+Release-4.27
LogInit: Command Line: 
LogInit: Base Directory: C:/Program Files/UE_4.27/Engine/Binaries/Win64/
LogInit: Allocator: TBB
LogInit: Installed Engine Build: 1
LogDevObjectVersion: Number of dev versions registered: 29
LogDevObjectVersion:   Dev-Blueprints (B0D832E4-1F89-4F0D-ACCF-7EB736FD4AA2): 10
LogDevObjectVersion:   Dev-Build (E1C64328-A22C-4D53-A36C-8E866417BD8C): 0
LogDevObjectVersion:   Dev-Core (375EC13C-06E4-48FB-B500-84F0262A717E): 4
LogDevObjectVersion:   Dev-Editor (E4B068ED-F494-42E9-A231-DA0B2E46BB41): 40
LogDevObjectVersion:   Dev-Framework (CFFC743F-43B0-4480-9391-14DF171D2073): 37
LogDevObjectVersion:   Dev-Mobile (B02B49B5-BB20-44E9-A304-32B752E40360): 3
LogDevObjectVersion:   Dev-Networking (A4E4105C-59A1-49B5-A7C5-40C4547EDFEE): 0
LogDevObjectVersion:   Dev-Online (39C831C9-5AE6-47DC-9A44-9C173E1C8E7C): 0
LogDevObjectVersion:   Dev-Physics (78F01B33-EBEA-4F98-B9B4-84EACCB95AA2): 14
LogDevObjectVersion:   Dev-Platform (6631380F-2D4D-43E0-8009-CF276956A95A): 0
LogDevObjectVersion:   Dev-Rendering (12F88B9F-8875-4AFC-A67C-D90C383ABD29): 45
LogDevObjectVersion:   Dev-Sequencer (7B5AE74C-D270-4C10-A958-57980B212A5A): 13
LogDevObjectVersion:   Dev-VR (D7296918-1DD6-4BDD-9DE2-64A83CC13884): 3
LogDevObjectVersion:   Dev-LoadTimes (C2A15278-BFE7-4AFE-6C17-90FF531DF755): 1
LogDevObjectVersion:   Private-Geometry (6EACA3D4-40EC-4CC1-B786-8BED09428FC5): 3
LogDevObjectVersion:   Dev-AnimPhys (29E575DD-E0A3-4627-9D10-D276232CDCEA): 17
LogDevObjectVersion:   Dev-Anim (AF43A65D-7FD3-4947-9873-3E8ED9C1BB05): 15
LogDevObjectVersion:   Dev-ReflectionCapture (6B266CEC-1EC7-4B8F-A30B-E4D90942FC07): 1
LogDevObjectVersion:   Dev-Automation (0DF73D61-A23F-47EA-B727-89E90C41499A): 1
LogDevObjectVersion:   FortniteMain (601D1886-AC64-4F84-AA16-D3DE0DEAC7D6): 47
LogDevObjectVersion:   FortniteRelease (E7086368-6B23-4C58-8439-1B7016265E91): 1
LogDevObjectVersion:   Dev-Enterprise (9DFFBCD6-494F-0158-E221-12823C92A888): 10
LogDevObjectVersion:   Dev-Niagara (F2AED0AC-9AFE-416F-8664-AA7FFA26D6FC): 1
LogDevObjectVersion:   Dev-Destruction (174F1F0B-B4C6-45A5-B13F-2EE8D0FB917D): 10
LogDevObjectVersion:   Dev-Physics-Ext (35F94A83-E258-406C-A318-09F59610247C): 41
LogDevObjectVersion:   Dev-PhysicsMaterial-Chaos (B68FC16E-8B1B-42E2-B453-215C058844FE): 1
LogDevObjectVersion:   Dev-CineCamera (B2E18506-4273-CFC2-A54E-F4BB758BBA07): 1
LogDevObjectVersion:   Dev-VirtualProduction (64F58936-FD1B-42BA-BA96-7289D5D0FA4E): 1
LogDevObjectVersion:   Dev-MediaFramework (6F0ED827-A609-4895-9C91-998D90180EA4): 2
LogInit: Presizing for max 25165824 objects, including 0 objects not considered by GC, pre-allocating 0 bytes for permanent pool.
LogConfig: Applying CVar settings from Section [/Script/Engine.StreamingSettings] File [D:/Development/Unreal Projects/VR_Prototypes/Saved/Config/Windows/Engine.ini]
LogConfig: Setting CVar [[s.MinBulkDataSizeForAsyncLoading:131072]]
LogConfig: Setting CVar [[s.AsyncLoadingThreadEnabled:0]]
LogConfig: Setting CVar [[s.EventDrivenLoaderEnabled:1]]
LogConfig: Setting CVar [[s.WarnIfTimeLimitExceeded:0]]
LogConfig: Setting CVar [[s.TimeLimitExceededMultiplier:1.5]]
LogConfig: Setting CVar [[s.TimeLimitExceededMinTime:0.005]]
LogConfig: Setting CVar [[s.UseBackgroundLevelStreaming:1]]
LogConfig: Setting CVar [[s.PriorityAsyncLoadingExtraTime:15.0]]
LogConfig: Setting CVar [[s.LevelStreamingActorsUpdateTimeLimit:5.0]]
LogConfig: Setting CVar [[s.PriorityLevelStreamingActorsUpdateExtraTime:5.0]]
LogConfig: Setting CVar [[s.LevelStreamingComponentsRegistrationGranularity:10]]
LogConfig: Setting CVar [[s.UnregisterComponentsTimeLimit:1.0]]
LogConfig: Setting CVar [[s.LevelStreamingComponentsUnregistrationGranularity:5]]
LogConfig: Setting CVar [[s.FlushStreamingOnExit:1]]
LogInit: Object subsystem initialized
LogConfig: Setting CVar [[con.DebugEarlyDefault:1]]
LogConfig: Setting CVar [[r.setres:1280x720]]
[2023.07.16-03.52.07:451][  0]LogConfig: Setting CVar [[r.VSync:0]]
[2023.07.16-03.52.07:451][  0]LogConfig: Setting CVar [[r.RHICmdBypass:0]]
[2023.07.16-03.52.07:451][  0]LogConfig: Applying CVar settings from Section [/Script/Engine.RendererSettings] File [D:/Development/Unreal Projects/VR_Prototypes/Saved/Config/Windows/Engine.ini]
[2023.07.16-03.52.07:451][  0]LogConfig: Setting CVar [[r.GPUCrashDebugging:0]]
[2023.07.16-03.52.07:451][  0]LogConfig: Setting CVar [[r.Mobile.DisableVertexFog:1]]
[2023.07.16-03.52.07:451][  0]LogConfig: Setting CVar [[r.Shadow.CSM.MaxMobileCascades:2]]
[2023.07.16-03.52.07:451][  0]LogConfig: Setting CVar [[r.MobileMSAA:4]]
[2023.07.16-03.52.07:451][  0]LogConfig: Setting CVar [[r.Mobile.AllowDitheredLODTransition:0]]
[2023.07.16-03.52.07:451][  0]LogConfig: Setting CVar [[r.Mobile.AllowSoftwareOcclusion:0]]
[2023.07.16-03.52.07:451][  0]LogConfig: Setting CVar [[r.Mobile.VirtualTextures:0]]
[2023.07.16-03.52.07:451][  0]LogConfig: Setting CVar [[r.DiscardUnusedQuality:0]]
[2023.07.16-03.52.07:451][  0]LogConfig: Setting CVar [[r.AllowOcclusionQueries:1]]
[2023.07.16-03.52.07:451][  0]LogConfig: Setting CVar [[r.MinScreenRadiusForLights:0.030000]]
[2023.07.16-03.52.07:451][  0]LogConfig: Setting CVar [[r.MinScreenRadiusForDepthPrepass:0.030000]]
[2023.07.16-03.52.07:451][  0]LogConfig: Setting CVar [[r.MinScreenRadiusForCSMDepth:0.010000]]
[2023.07.16-03.52.07:451][  0]LogConfig: Setting CVar [[r.PrecomputedVisibilityWarning:0]]
[2023.07.16-03.52.07:451][  0]LogConfig: Setting CVar [[r.TextureStreaming:1]]
[2023.07.16-03.52.07:451][  0]LogConfig: Setting CVar [[Compat.UseDXT5NormalMaps:0]]
[2023.07.16-03.52.07:451][  0]LogConfig: Setting CVar [[r.VirtualTextures:0]]
[2023.07.16-03.52.07:451][  0]LogConfig: Setting CVar [[r.VirtualTexturedLightmaps:0]]
[2023.07.16-03.52.07:451][  0]LogConfig: Setting CVar [[r.VT.TileSize:128]]
[2023.07.16-03.52.07:451][  0]LogConfig: Setting CVar [[r.VT.TileBorderSize:4]]
[2023.07.16-03.52.07:451][  0]LogConfig: Setting CVar [[r.vt.FeedbackFactor:16]]
[2023.07.16-03.52.07:451][  0]LogConfig: Setting CVar [[r.VT.EnableCompressZlib:1]]
[2023.07.16-03.52.07:451][  0]LogConfig: Setting CVar [[r.VT.EnableCompressCrunch:0]]
[2023.07.16-03.52.07:451][  0]LogConfig: Setting CVar [[r.ClearCoatNormal:0]]
[2023.07.16-03.52.07:451][  0]LogConfig: Setting CVar [[r.ReflectionCaptureResolution:128]]
[2023.07.16-03.52.07:451][  0]LogConfig: Setting CVar [[r.Mobile.ReflectionCaptureCompression:0]]
[2023.07.16-03.52.07:451][  0]LogConfig: Setting CVar [[r.ReflectionEnvironmentLightmapMixBasedOnRoughness:1]]
[2023.07.16-03.52.07:451][  0]LogConfig: Setting CVar [[r.ForwardShading:1]]
[2023.07.16-03.52.07:451][  0]LogConfig: Setting CVar [[r.VertexFoggingForOpaque:1]]
[2023.07.16-03.52.07:451][  0]LogConfig: Setting CVar [[r.AllowStaticLighting:1]]
[2023.07.16-03.52.07:451][  0]LogConfig: Setting CVar [[r.NormalMapsForStaticLighting:0]]
[2023.07.16-03.52.07:451][  0]LogConfig: Setting CVar [[r.GenerateMeshDistanceFields:0]]
[2023.07.16-03.52.07:451][  0]LogConfig: Setting CVar [[r.DistanceFieldBuild.EightBit:0]]
[2023.07.16-03.52.07:451][  0]LogConfig: Setting CVar [[r.GenerateLandscapeGIData:0]]
[2023.07.16-03.52.07:451][  0]LogConfig: Setting CVar [[r.DistanceFieldBuild.Compress:0]]
[2023.07.16-03.52.07:451][  0]LogConfig: Setting CVar [[r.TessellationAdaptivePixelsPerTriangle:48.000000]]
[2023.07.16-03.52.07:451][  0]LogConfig: Setting CVar [[r.SeparateTranslucency:0]]
[2023.07.16-03.52.07:451][  0]LogConfig: Setting CVar [[r.TranslucentSortPolicy:0]]
[2023.07.16-03.52.07:451][  0]LogConfig: Setting CVar [[r.CustomDepth:1]]
[2023.07.16-03.52.07:451][  0]LogConfig: Setting CVar [[r.CustomDepthTemporalAAJitter:1]]
[2023.07.16-03.52.07:451][  0]LogConfig: Setting CVar [[r.PostProcessing.PropagateAlpha:0]]
[2023.07.16-03.52.07:451][  0]LogConfig: Setting CVar [[r.DefaultFeature.Bloom:0]]
[2023.07.16-03.52.07:451][  0]LogConfig: Setting CVar [[r.DefaultFeature.AmbientOcclusion:0]]
[2023.07.16-03.52.07:451][  0]LogConfig: Setting CVar [[r.DefaultFeature.AmbientOcclusionStaticFraction:1]]
[2023.07.16-03.52.07:451][  0]LogConfig: Setting CVar [[r.DefaultFeature.AutoExposure:0]]
[2023.07.16-03.52.07:451][  0]LogConfig: Setting CVar [[r.DefaultFeature.AutoExposure.Method:0]]
[2023.07.16-03.52.07:451][  0]LogConfig: Setting CVar [[r.DefaultFeature.AutoExposure.Bias:1.000000]]
[2023.07.16-03.52.07:451][  0]LogConfig: Setting CVar [[r.DefaultFeature.AutoExposure.ExtendDefaultLuminanceRange:1]]
[2023.07.16-03.52.07:451][  0]LogConfig: Setting CVar [[r.UsePreExposure:1]]
[2023.07.16-03.52.07:451][  0]LogConfig: Setting CVar [[r.EyeAdaptation.EditorOnly:0]]
[2023.07.16-03.52.07:451][  0]LogConfig: Setting CVar [[r.DefaultFeature.MotionBlur:0]]
[2023.07.16-03.52.07:451][  0]LogConfig: Setting CVar [[r.DefaultFeature.LensFlare:0]]
[2023.07.16-03.52.07:451][  0]LogConfig: Setting CVar [[r.TemporalAA.Upsampling:0]]
[2023.07.16-03.52.07:451][  0]LogConfig: Setting CVar [[r.SSGI.Enable:0]]
[2023.07.16-03.52.07:451][  0]LogConfig: Setting CVar [[r.DefaultFeature.AntiAliasing:3]]
[2023.07.16-03.52.07:451][  0]LogConfig: Setting CVar [[r.DefaultFeature.LightUnits:1]]
[2023.07.16-03.52.07:451][  0]LogConfig: Setting CVar [[r.DefaultBackBufferPixelFormat:4]]
[2023.07.16-03.52.07:451][  0]LogConfig: Setting CVar [[r.Shadow.UnbuiltPreviewInGame:1]]
[2023.07.16-03.52.07:451][  0]LogConfig: Setting CVar [[r.StencilForLODDither:0]]
[2023.07.16-03.52.07:451][  0]LogConfig: Setting CVar [[r.EarlyZPass:3]]
[2023.07.16-03.52.07:451][  0]LogConfig: Setting CVar [[r.EarlyZPassOnlyMaterialMasking:0]]
[2023.07.16-03.52.07:451][  0]LogConfig: Setting CVar [[r.DBuffer:1]]
[2023.07.16-03.52.07:451][  0]LogConfig: Setting CVar [[r.ClearSceneMethod:1]]
[2023.07.16-03.52.07:451][  0]LogConfig: Setting CVar [[r.BasePassOutputsVelocity:0]]
[2023.07.16-03.52.07:451][  0]LogConfig: Setting CVar [[r.VertexDeformationOutputsVelocity:0]]
[2023.07.16-03.52.07:451][  0]LogConfig: Setting CVar [[r.SelectiveBasePassOutputs:0]]
[2023.07.16-03.52.07:451][  0]LogConfig: Setting CVar [[fx.GPUSimulationTextureSizeX:1024]]
[2023.07.16-03.52.07:451][  0]LogConfig: Setting CVar [[fx.GPUSimulationTextureSizeY:1024]]
[2023.07.16-03.52.07:451][  0]LogConfig: Setting CVar [[r.AllowGlobalClipPlane:0]]
[2023.07.16-03.52.07:451][  0]LogConfig: Setting CVar [[r.GBufferFormat:1]]
[2023.07.16-03.52.07:451][  0]LogConfig: Setting CVar [[r.MorphTarget.Mode:1]]
[2023.07.16-03.52.07:451][  0]LogConfig: Setting CVar [[vr.InstancedStereo:1]]
[2023.07.16-03.52.07:451][  0]LogConfig: Setting CVar [[r.MobileHDR:0]]
[2023.07.16-03.52.07:451][  0]LogConfig: Setting CVar [[vr.MobileMultiView:1]]
[2023.07.16-03.52.07:451][  0]LogConfig: Setting CVar [[r.Mobile.UseHWsRGBEncoding:1]]
[2023.07.16-03.52.07:451][  0]LogConfig: Setting CVar [[vr.RoundRobinOcclusion:0]]
[2023.07.16-03.52.07:451][  0]LogConfig: Setting CVar [[vr.ODSCapture:0]]
[2023.07.16-03.52.07:451][  0]LogConfig: Setting CVar [[r.MeshStreaming:0]]
[2023.07.16-03.52.07:451][  0]LogConfig: Setting CVar [[r.WireframeCullThreshold:5.000000]]
[2023.07.16-03.52.07:451][  0]LogConfig: Setting CVar [[r.RayTracing:0]]
[2023.07.16-03.52.07:451][  0]LogConfig: Setting CVar [[r.RayTracing.UseTextureLod:0]]
[2023.07.16-03.52.07:451][  0]LogConfig: Setting CVar [[r.SupportStationarySkylight:1]]
[2023.07.16-03.52.07:451][  0]LogConfig: Setting CVar [[r.SupportLowQualityLightmaps:1]]
[2023.07.16-03.52.07:451][  0]LogConfig: Setting CVar [[r.SupportPointLightWholeSceneShadows:1]]
[2023.07.16-03.52.07:451][  0]LogConfig: Setting CVar [[r.SupportAtmosphericFog:1]]
[2023.07.16-03.52.07:451][  0]LogConfig: Setting CVar [[r.SupportSkyAtmosphere:1]]
[2023.07.16-03.52.07:451][  0]LogConfig: Setting CVar [[r.SupportSkyAtmosphereAffectsHeightFog:0]]
[2023.07.16-03.52.07:451][  0]LogConfig: Setting CVar [[r.SkinCache.CompileShaders:0]]
[2023.07.16-03.52.07:451][  0]LogConfig: Setting CVar [[r.SkinCache.DefaultBehavior:1]]
[2023.07.16-03.52.07:451][  0]LogConfig: Setting CVar [[r.SkinCache.SceneMemoryLimitInMB:128.000000]]
[2023.07.16-03.52.07:451][  0]LogConfig: Setting CVar [[r.Mobile.EnableStaticAndCSMShadowReceivers:1]]
[2023.07.16-03.52.07:451][  0]LogConfig: Setting CVar [[r.Mobile.EnableMovableLightCSMShaderCulling:1]]
[2023.07.16-03.52.07:451][  0]LogConfig: Setting CVar [[r.Mobile.AllowDistanceFieldShadows:1]]
[2023.07.16-03.52.07:451][  0]LogConfig: Setting CVar [[r.Mobile.AllowMovableDirectionalLights:1]]
[2023.07.16-03.52.07:451][  0]LogConfig: Setting CVar [[r.MobileNumDynamicPointLights:4]]
[2023.07.16-03.52.07:451][  0]LogConfig: Setting CVar [[r.MobileDynamicPointLightsUseStaticBranch:1]]
[2023.07.16-03.52.07:451][  0]LogConfig: Setting CVar [[r.Mobile.EnableMovableSpotlights:0]]
[2023.07.16-03.52.07:451][  0]LogConfig: Setting CVar [[r.Mobile.EnableMovableSpotlightsShadow:0]]
[2023.07.16-03.52.07:451][  0]LogConfig: Setting CVar [[r.GPUSkin.Support16BitBoneIndex:0]]
[2023.07.16-03.52.07:451][  0]LogConfig: Setting CVar [[r.GPUSkin.Limit2BoneInfluences:0]]
[2023.07.16-03.52.07:451][  0]LogConfig: Setting CVar [[r.SupportDepthOnlyIndexBuffers:1]]
[2023.07.16-03.52.07:451][  0]LogConfig: Setting CVar [[r.SupportReversedIndexBuffers:1]]
[2023.07.16-03.52.07:451][  0]LogConfig: Setting CVar [[r.LightPropagationVolume:0]]
[2023.07.16-03.52.07:451][  0]LogConfig: Setting CVar [[r.Mobile.AmbientOcclusion:0]]
[2023.07.16-03.52.07:451][  0]LogConfig: Setting CVar [[r.GPUSkin.UnlimitedBoneInfluences:0]]
[2023.07.16-03.52.07:451][  0]LogConfig: Setting CVar [[r.GPUSkin.UnlimitedBoneInfluencesThreshold:8]]
[2023.07.16-03.52.07:451][  0]LogConfig: Setting CVar [[r.Mobile.PlanarReflectionMode:0]]
[2023.07.16-03.52.07:451][  0]LogConfig: Setting CVar [[r.Mobile.SupportGPUScene:1]]
[2023.07.16-03.52.07:451][  0]LogConfig: Applying CVar settings from Section [/Script/Engine.RendererOverrideSettings] File [D:/Development/Unreal Projects/VR_Prototypes/Saved/Config/Windows/Engine.ini]
[2023.07.16-03.52.07:451][  0]LogConfig: Applying CVar settings from Section [/Script/Engine.StreamingSettings] File [D:/Development/Unreal Projects/VR_Prototypes/Saved/Config/Windows/Engine.ini]
[2023.07.16-03.52.07:451][  0]LogConfig: Setting CVar [[s.MinBulkDataSizeForAsyncLoading:131072]]
[2023.07.16-03.52.07:451][  0]LogConfig: Setting CVar [[s.AsyncLoadingThreadEnabled:0]]
[2023.07.16-03.52.07:451][  0]LogConfig: Setting CVar [[s.EventDrivenLoaderEnabled:1]]
[2023.07.16-03.52.07:451][  0]LogConfig: Setting CVar [[s.WarnIfTimeLimitExceeded:0]]
[2023.07.16-03.52.07:451][  0]LogConfig: Setting CVar [[s.TimeLimitExceededMultiplier:1.5]]
[2023.07.16-03.52.07:451][  0]LogConfig: Setting CVar [[s.TimeLimitExceededMinTime:0.005]]
[2023.07.16-03.52.07:451][  0]LogConfig: Setting CVar [[s.UseBackgroundLevelStreaming:1]]
[2023.07.16-03.52.07:451][  0]LogConfig: Setting CVar [[s.PriorityAsyncLoadingExtraTime:15.0]]
[2023.07.16-03.52.07:451][  0]LogConfig: Setting CVar [[s.LevelStreamingActorsUpdateTimeLimit:5.0]]
[2023.07.16-03.52.07:451][  0]LogConfig: Setting CVar [[s.PriorityLevelStreamingActorsUpdateExtraTime:5.0]]
[2023.07.16-03.52.07:451][  0]LogConfig: Setting CVar [[s.LevelStreamingComponentsRegistrationGranularity:10]]
[2023.07.16-03.52.07:451][  0]LogConfig: Setting CVar [[s.UnregisterComponentsTimeLimit:1.0]]
[2023.07.16-03.52.07:451][  0]LogConfig: Setting CVar [[s.LevelStreamingComponentsUnregistrationGranularity:5]]
[2023.07.16-03.52.07:451][  0]LogConfig: Setting CVar [[s.FlushStreamingOnExit:1]]
[2023.07.16-03.52.07:451][  0]LogConfig: Applying CVar settings from Section [/Script/Engine.GarbageCollectionSettings] File [D:/Development/Unreal Projects/VR_Prototypes/Saved/Config/Windows/Engine.ini]
[2023.07.16-03.52.07:451][  0]LogConfig: Setting CVar [[gc.MaxObjectsNotConsideredByGC:1]]
[2023.07.16-03.52.07:451][  0]LogConfig: Setting CVar [[gc.SizeOfPermanentObjectPool:0]]
[2023.07.16-03.52.07:451][  0]LogConfig: Setting CVar [[gc.FlushStreamingOnGC:0]]
[2023.07.16-03.52.07:451][  0]LogConfig: Setting CVar [[gc.NumRetriesBeforeForcingGC:10]]
[2023.07.16-03.52.07:451][  0]LogConfig: Setting CVar [[gc.AllowParallelGC:1]]
[2023.07.16-03.52.07:451][  0]LogConfig: Setting CVar [[gc.TimeBetweenPurgingPendingKillObjects:61.1]]
[2023.07.16-03.52.07:451][  0]LogConfig: Setting CVar [[gc.MaxObjectsInEditor:25165824]]
[2023.07.16-03.52.07:451][  0]LogConfig: Setting CVar [[gc.IncrementalBeginDestroyEnabled:1]]
[2023.07.16-03.52.07:451][  0]LogConfig: Setting CVar [[gc.CreateGCClusters:1]]
[2023.07.16-03.52.07:451][  0]LogConfig: Setting CVar [[gc.MinGCClusterSize:5]]
[2023.07.16-03.52.07:451][  0]LogConfig: Setting CVar [[gc.ActorClusteringEnabled:0]]
[2023.07.16-03.52.07:451][  0]LogConfig: Setting CVar [[gc.BlueprintClusteringEnabled:0]]
[2023.07.16-03.52.07:451][  0]LogConfig: Setting CVar [[gc.UseDisregardForGCOnDedicatedServers:0]]
[2023.07.16-03.52.07:451][  0]LogConfig: Setting CVar [[gc.MultithreadedDestructionEnabled:1]]
[2023.07.16-03.52.07:451][  0]LogConfig: Applying CVar settings from Section [/Script/Engine.NetworkSettings] File [D:/Development/Unreal Projects/VR_Prototypes/Saved/Config/Windows/Engine.ini]
[2023.07.16-03.52.07:451][  0]LogConfig: Applying CVar settings from Section [/Script/UnrealEd.CookerSettings] File [D:/Development/Unreal Projects/VR_Prototypes/Saved/Config/Windows/Engine.ini]
[2023.07.16-03.52.07:460][  0]LogConfig: Applying CVar settings from Section [ViewDistanceQuality@3] File [D:/Development/Unreal Projects/VR_Prototypes/Saved/Config/Windows/Scalability.ini]
[2023.07.16-03.52.07:460][  0]LogConfig: Setting CVar [[r.SkeletalMeshLODBias:0]]
[2023.07.16-03.52.07:460][  0]LogConfig: Setting CVar [[r.ViewDistanceScale:1.0]]
[2023.07.16-03.52.07:460][  0]LogConfig: Applying CVar settings from Section [AntiAliasingQuality@3] File [D:/Development/Unreal Projects/VR_Prototypes/Saved/Config/Windows/Scalability.ini]
[2023.07.16-03.52.07:460][  0]LogConfig: Setting CVar [[r.PostProcessAAQuality:4]]
[2023.07.16-03.52.07:460][  0]LogConfig: Applying CVar settings from Section [ShadowQuality@3] File [D:/Development/Unreal Projects/VR_Prototypes/Saved/Config/Windows/Scalability.ini]
[2023.07.16-03.52.07:460][  0]LogConfig: Setting CVar [[r.LightFunctionQuality:1]]
[2023.07.16-03.52.07:460][  0]LogConfig: Setting CVar [[r.ShadowQuality:5]]
[2023.07.16-03.52.07:460][  0]LogConfig: Setting CVar [[r.Shadow.CSM.MaxCascades:10]]
[2023.07.16-03.52.07:460][  0]LogConfig: Setting CVar [[r.Shadow.MaxResolution:2048]]
[2023.07.16-03.52.07:460][  0]LogConfig: Setting CVar [[r.Shadow.MaxCSMResolution:2048]]
[2023.07.16-03.52.07:460][  0]LogConfig: Setting CVar [[r.Shadow.RadiusThreshold:0.01]]
[2023.07.16-03.52.07:460][  0]LogConfig: Setting CVar [[r.Shadow.DistanceScale:1.0]]
[2023.07.16-03.52.07:460][  0]LogConfig: Setting CVar [[r.Shadow.CSM.TransitionScale:1.0]]
[2023.07.16-03.52.07:460][  0]LogConfig: Setting CVar [[r.Shadow.PreShadowResolutionFactor:1.0]]
[2023.07.16-03.52.07:460][  0]LogConfig: Setting CVar [[r.DistanceFieldShadowing:1]]
[2023.07.16-03.52.07:460][  0]LogConfig: Setting CVar [[r.DistanceFieldAO:1]]
[2023.07.16-03.52.07:460][  0]LogConfig: Setting CVar [[r.AOQuality:2]]
[2023.07.16-03.52.07:460][  0]LogConfig: Setting CVar [[r.VolumetricFog:1]]
[2023.07.16-03.52.07:460][  0]LogConfig: Setting CVar [[r.VolumetricFog.GridPixelSize:8]]
[2023.07.16-03.52.07:460][  0]LogConfig: Setting CVar [[r.VolumetricFog.GridSizeZ:128]]
[2023.07.16-03.52.07:460][  0]LogConfig: Setting CVar [[r.VolumetricFog.HistoryMissSupersampleCount:4]]
[2023.07.16-03.52.07:460][  0]LogConfig: Setting CVar [[r.LightMaxDrawDistanceScale:1]]
[2023.07.16-03.52.07:460][  0]LogConfig: Setting CVar [[r.CapsuleShadows:1]]
[2023.07.16-03.52.07:460][  0]LogConfig: Applying CVar settings from Section [PostProcessQuality@3] File [D:/Development/Unreal Projects/VR_Prototypes/Saved/Config/Windows/Scalability.ini]
[2023.07.16-03.52.07:460][  0]LogConfig: Setting CVar [[r.MotionBlurQuality:4]]
[2023.07.16-03.52.07:460][  0]LogConfig: Setting CVar [[r.AmbientOcclusionMipLevelFactor:0.4]]
[2023.07.16-03.52.07:460][  0]LogConfig: Setting CVar [[r.AmbientOcclusionMaxQuality:100]]
[2023.07.16-03.52.07:460][  0]LogConfig: Setting CVar [[r.AmbientOcclusionLevels:-1]]
[2023.07.16-03.52.07:460][  0]LogConfig: Setting CVar [[r.AmbientOcclusionRadiusScale:1.0]]
[2023.07.16-03.52.07:460][  0]LogConfig: Setting CVar [[r.DepthOfFieldQuality:2]]
[2023.07.16-03.52.07:460][  0]LogConfig: Setting CVar [[r.RenderTargetPoolMin:400]]
[2023.07.16-03.52.07:461][  0]LogConfig: Setting CVar [[r.LensFlareQuality:2]]
[2023.07.16-03.52.07:461][  0]LogConfig: Setting CVar [[r.SceneColorFringeQuality:1]]
[2023.07.16-03.52.07:461][  0]LogConfig: Setting CVar [[r.EyeAdaptationQuality:2]]
[2023.07.16-03.52.07:461][  0]LogConfig: Setting CVar [[r.BloomQuality:5]]
[2023.07.16-03.52.07:461][  0]LogConfig: Setting CVar [[r.FastBlurThreshold:100]]
[2023.07.16-03.52.07:461][  0]LogConfig: Setting CVar [[r.Upscale.Quality:3]]
[2023.07.16-03.52.07:461][  0]LogConfig: Setting CVar [[r.Tonemapper.GrainQuantization:1]]
[2023.07.16-03.52.07:461][  0]LogConfig: Setting CVar [[r.LightShaftQuality:1]]
[2023.07.16-03.52.07:461][  0]LogConfig: Setting CVar [[r.Filter.SizeScale:1]]
[2023.07.16-03.52.07:461][  0]LogConfig: Setting CVar [[r.Tonemapper.Quality:5]]
[2023.07.16-03.52.07:461][  0]LogConfig: Setting CVar [[r.DOF.Gather.AccumulatorQuality:1        ; higher gathering accumulator quality]]
[2023.07.16-03.52.07:461][  0]LogConfig: Setting CVar [[r.DOF.Gather.PostfilterMethod:1          ; Median3x3 postfilering method]]
[2023.07.16-03.52.07:461][  0]LogConfig: Setting CVar [[r.DOF.Gather.EnableBokehSettings:0       ; no bokeh simulation when gathering]]
[2023.07.16-03.52.07:461][  0]LogConfig: Setting CVar [[r.DOF.Gather.RingCount:4                 ; medium number of samples when gathering]]
[2023.07.16-03.52.07:461][  0]LogConfig: Setting CVar [[r.DOF.Scatter.ForegroundCompositing:1    ; additive foreground scattering]]
[2023.07.16-03.52.07:461][  0]LogConfig: Setting CVar [[r.DOF.Scatter.BackgroundCompositing:2    ; additive background scattering]]
[2023.07.16-03.52.07:461][  0]LogConfig: Setting CVar [[r.DOF.Scatter.EnableBokehSettings:1      ; bokeh simulation when scattering]]
[2023.07.16-03.52.07:461][  0]LogConfig: Setting CVar [[r.DOF.Scatter.MaxSpriteRatio:0.1         ; only a maximum of 10% of scattered bokeh]]
[2023.07.16-03.52.07:461][  0]LogConfig: Setting CVar [[r.DOF.Recombine.Quality:1                ; cheap slight out of focus]]
[2023.07.16-03.52.07:461][  0]LogConfig: Setting CVar [[r.DOF.Recombine.EnableBokehSettings:0    ; no bokeh simulation on slight out of focus]]
[2023.07.16-03.52.07:461][  0]LogConfig: Setting CVar [[r.DOF.TemporalAAQuality:1                ; more stable temporal accumulation]]
[2023.07.16-03.52.07:461][  0]LogConfig: Setting CVar [[r.DOF.Kernel.MaxForegroundRadius:0.025]]
[2023.07.16-03.52.07:461][  0]LogConfig: Setting CVar [[r.DOF.Kernel.MaxBackgroundRadius:0.025]]
[2023.07.16-03.52.07:461][  0]LogConfig: Applying CVar settings from Section [TextureQuality@3] File [D:/Development/Unreal Projects/VR_Prototypes/Saved/Config/Windows/Scalability.ini]
[2023.07.16-03.52.07:461][  0]LogConfig: Setting CVar [[r.Streaming.MipBias:0]]
[2023.07.16-03.52.07:461][  0]LogConfig: Setting CVar [[r.Streaming.AmortizeCPUToGPUCopy:0]]
[2023.07.16-03.52.07:461][  0]LogConfig: Setting CVar [[r.Streaming.MaxNumTexturesToStreamPerFrame:0]]
[2023.07.16-03.52.07:461][  0]LogConfig: Setting CVar [[r.Streaming.Boost:1]]
[2023.07.16-03.52.07:461][  0]LogConfig: Setting CVar [[r.MaxAnisotropy:8]]
[2023.07.16-03.52.07:461][  0]LogConfig: Setting CVar [[r.VT.MaxAnisotropy:8]]
[2023.07.16-03.52.07:461][  0]LogConfig: Setting CVar [[r.Streaming.LimitPoolSizeToVRAM:0]]
[2023.07.16-03.52.07:461][  0]LogConfig: Setting CVar [[r.Streaming.PoolSize:1000]]
[2023.07.16-03.52.07:461][  0]LogConfig: Setting CVar [[r.Streaming.MaxEffectiveScreenSize:0]]
[2023.07.16-03.52.07:461][  0]LogConfig: Applying CVar settings from Section [EffectsQuality@3] File [D:/Development/Unreal Projects/VR_Prototypes/Saved/Config/Windows/Scalability.ini]
[2023.07.16-03.52.07:461][  0]LogConfig: Setting CVar [[r.TranslucencyLightingVolumeDim:64]]
[2023.07.16-03.52.07:461][  0]LogConfig: Setting CVar [[r.RefractionQuality:2]]
[2023.07.16-03.52.07:461][  0]LogConfig: Setting CVar [[r.SSR.Quality:3]]
[2023.07.16-03.52.07:461][  0]LogConfig: Setting CVar [[r.SSR.HalfResSceneColor:0]]
[2023.07.16-03.52.07:461][  0]LogConfig: Setting CVar [[r.SceneColorFormat:4]]
[2023.07.16-03.52.07:461][  0]LogConfig: Setting CVar [[r.DetailMode:2]]
[2023.07.16-03.52.07:461][  0]LogConfig: Setting CVar [[r.TranslucencyVolumeBlur:1]]
[2023.07.16-03.52.07:461][  0]LogConfig: Setting CVar [[r.MaterialQualityLevel:1 ; High quality]]
[2023.07.16-03.52.07:461][  0]LogConfig: Setting CVar [[r.AnisotropicMaterials:1]]
[2023.07.16-03.52.07:461][  0]LogConfig: Setting CVar [[r.SSS.Scale:1]]
[2023.07.16-03.52.07:461][  0]LogConfig: Setting CVar [[r.SSS.SampleSet:2]]
[2023.07.16-03.52.07:461][  0]LogConfig: Setting CVar [[r.SSS.Quality:1]]
[2023.07.16-03.52.07:461][  0]LogConfig: Setting CVar [[r.SSS.HalfRes:0]]
[2023.07.16-03.52.07:461][  0]LogConfig: Setting CVar [[r.SSGI.Quality:3]]
[2023.07.16-03.52.07:461][  0]LogConfig: Setting CVar [[r.EmitterSpawnRateScale:1.0]]
[2023.07.16-03.52.07:461][  0]LogConfig: Setting CVar [[r.ParticleLightQuality:2]]
[2023.07.16-03.52.07:461][  0]LogConfig: Setting CVar [[r.SkyAtmosphere.AerialPerspectiveLUT.FastApplyOnOpaque:1 ; Always have FastSkyLUT 1 in this case to avoid wrong sky]]
[2023.07.16-03.52.07:461][  0]LogConfig: Setting CVar [[r.SkyAtmosphere.AerialPerspectiveLUT.SampleCountMaxPerSlice:4]]
[2023.07.16-03.52.07:461][  0]LogConfig: Setting CVar [[r.SkyAtmosphere.AerialPerspectiveLUT.DepthResolution:16.0]]
[2023.07.16-03.52.07:461][  0]LogConfig: Setting CVar [[r.SkyAtmosphere.FastSkyLUT:1]]
[2023.07.16-03.52.07:461][  0]LogConfig: Setting CVar [[r.SkyAtmosphere.FastSkyLUT.SampleCountMin:4.0]]
[2023.07.16-03.52.07:461][  0]LogConfig: Setting CVar [[r.SkyAtmosphere.FastSkyLUT.SampleCountMax:128.0]]
[2023.07.16-03.52.07:461][  0]LogConfig: Setting CVar [[r.SkyAtmosphere.SampleCountMin:4.0]]
[2023.07.16-03.52.07:461][  0]LogConfig: Setting CVar [[r.SkyAtmosphere.SampleCountMax:128.0]]
[2023.07.16-03.52.07:461][  0]LogConfig: Setting CVar [[r.SkyAtmosphere.TransmittanceLUT.UseSmallFormat:0]]
[2023.07.16-03.52.07:461][  0]LogConfig: Setting CVar [[r.SkyAtmosphere.TransmittanceLUT.SampleCount:10.0]]
[2023.07.16-03.52.07:461][  0]LogConfig: Setting CVar [[r.SkyAtmosphere.MultiScatteringLUT.SampleCount:15.0]]
[2023.07.16-03.52.07:461][  0]LogConfig: Setting CVar [[r.SkyLight.RealTimeReflectionCapture:1]]
[2023.07.16-03.52.07:461][  0]LogConfig: Applying CVar settings from Section [FoliageQuality@3] File [D:/Development/Unreal Projects/VR_Prototypes/Saved/Config/Windows/Scalability.ini]
[2023.07.16-03.52.07:461][  0]LogConfig: Setting CVar [[foliage.DensityScale:1.0]]
[2023.07.16-03.52.07:461][  0]LogConfig: Setting CVar [[grass.DensityScale:1.0]]
[2023.07.16-03.52.07:461][  0]LogConfig: Applying CVar settings from Section [ShadingQuality@3] File [D:/Development/Unreal Projects/VR_Prototypes/Saved/Config/Windows/Scalability.ini]
[2023.07.16-03.52.07:461][  0]LogConfig: Setting CVar [[r.HairStrands.SkyLighting.IntegrationType:2]]
[2023.07.16-03.52.07:461][  0]LogConfig: Setting CVar [[r.HairStrands.SkyAO.SampleCount:4]]
[2023.07.16-03.52.07:461][  0]LogConfig: Setting CVar [[r.HairStrands.Visibility.MSAA.SamplePerPixel:4]]
[2023.07.16-03.52.07:461][  0]LogInit: Selected Device Profile: [Windows]
[2023.07.16-03.52.07:461][  0]LogInit: Applying CVar settings loaded from the selected device profile: [Windows]
[2023.07.16-03.52.07:461][  0]LogHAL: Display: Platform has ~ 32 GB [34116079616 / 34359738368 / 32], which maps to Largest [LargestMinGB=32, LargerMinGB=12, DefaultMinGB=8, SmallerMinGB=6, SmallestMinGB=0)
[2023.07.16-03.52.07:461][  0]LogInit: Going up to parent DeviceProfile []
[2023.07.16-03.52.07:461][  0]LogConfig: Applying CVar settings from Section [ViewDistanceQuality@3] File [D:/Development/Unreal Projects/VR_Prototypes/Saved/Config/Windows/Scalability.ini]
[2023.07.16-03.52.07:461][  0]LogConfig: Setting CVar [[r.SkeletalMeshLODBias:0]]
[2023.07.16-03.52.07:461][  0]LogConfig: Setting CVar [[r.ViewDistanceScale:1.0]]
[2023.07.16-03.52.07:461][  0]LogConfig: Applying CVar settings from Section [AntiAliasingQuality@3] File [D:/Development/Unreal Projects/VR_Prototypes/Saved/Config/Windows/Scalability.ini]
[2023.07.16-03.52.07:461][  0]LogConfig: Setting CVar [[r.PostProcessAAQuality:4]]
[2023.07.16-03.52.07:461][  0]LogConfig: Applying CVar settings from Section [ShadowQuality@3] File [D:/Development/Unreal Projects/VR_Prototypes/Saved/Config/Windows/Scalability.ini]
[2023.07.16-03.52.07:461][  0]LogConfig: Setting CVar [[r.LightFunctionQuality:1]]
[2023.07.16-03.52.07:461][  0]LogConfig: Setting CVar [[r.ShadowQuality:5]]
[2023.07.16-03.52.07:461][  0]LogConfig: Setting CVar [[r.Shadow.CSM.MaxCascades:10]]
[2023.07.16-03.52.07:461][  0]LogConfig: Setting CVar [[r.Shadow.MaxResolution:2048]]
[2023.07.16-03.52.07:461][  0]LogConfig: Setting CVar [[r.Shadow.MaxCSMResolution:2048]]
[2023.07.16-03.52.07:461][  0]LogConfig: Setting CVar [[r.Shadow.RadiusThreshold:0.01]]
[2023.07.16-03.52.07:461][  0]LogConfig: Setting CVar [[r.Shadow.DistanceScale:1.0]]
[2023.07.16-03.52.07:461][  0]LogConfig: Setting CVar [[r.Shadow.CSM.TransitionScale:1.0]]
[2023.07.16-03.52.07:461][  0]LogConfig: Setting CVar [[r.Shadow.PreShadowResolutionFactor:1.0]]
[2023.07.16-03.52.07:461][  0]LogConfig: Setting CVar [[r.DistanceFieldShadowing:1]]
[2023.07.16-03.52.07:461][  0]LogConfig: Setting CVar [[r.DistanceFieldAO:1]]
[2023.07.16-03.52.07:461][  0]LogConfig: Setting CVar [[r.AOQuality:2]]
[2023.07.16-03.52.07:461][  0]LogConfig: Setting CVar [[r.VolumetricFog:1]]
[2023.07.16-03.52.07:461][  0]LogConfig: Setting CVar [[r.VolumetricFog.GridPixelSize:8]]
[2023.07.16-03.52.07:461][  0]LogConfig: Setting CVar [[r.VolumetricFog.GridSizeZ:128]]
[2023.07.16-03.52.07:461][  0]LogConfig: Setting CVar [[r.VolumetricFog.HistoryMissSupersampleCount:4]]
[2023.07.16-03.52.07:461][  0]LogConfig: Setting CVar [[r.LightMaxDrawDistanceScale:1]]
[2023.07.16-03.52.07:461][  0]LogConfig: Setting CVar [[r.CapsuleShadows:1]]
[2023.07.16-03.52.07:461][  0]LogConfig: Applying CVar settings from Section [PostProcessQuality@3] File [D:/Development/Unreal Projects/VR_Prototypes/Saved/Config/Windows/Scalability.ini]
[2023.07.16-03.52.07:461][  0]LogConfig: Setting CVar [[r.MotionBlurQuality:4]]
[2023.07.16-03.52.07:461][  0]LogConfig: Setting CVar [[r.AmbientOcclusionMipLevelFactor:0.4]]
[2023.07.16-03.52.07:461][  0]LogConfig: Setting CVar [[r.AmbientOcclusionMaxQuality:100]]
[2023.07.16-03.52.07:461][  0]LogConfig: Setting CVar [[r.AmbientOcclusionLevels:-1]]
[2023.07.16-03.52.07:461][  0]LogConfig: Setting CVar [[r.AmbientOcclusionRadiusScale:1.0]]
[2023.07.16-03.52.07:461][  0]LogConfig: Setting CVar [[r.DepthOfFieldQuality:2]]
[2023.07.16-03.52.07:461][  0]LogConfig: Setting CVar [[r.RenderTargetPoolMin:400]]
[2023.07.16-03.52.07:461][  0]LogConfig: Setting CVar [[r.LensFlareQuality:2]]
[2023.07.16-03.52.07:461][  0]LogConfig: Setting CVar [[r.SceneColorFringeQuality:1]]
[2023.07.16-03.52.07:461][  0]LogConfig: Setting CVar [[r.EyeAdaptationQuality:2]]
[2023.07.16-03.52.07:461][  0]LogConfig: Setting CVar [[r.BloomQuality:5]]
[2023.07.16-03.52.07:461][  0]LogConfig: Setting CVar [[r.FastBlurThreshold:100]]
[2023.07.16-03.52.07:461][  0]LogConfig: Setting CVar [[r.Upscale.Quality:3]]
[2023.07.16-03.52.07:461][  0]LogConfig: Setting CVar [[r.Tonemapper.GrainQuantization:1]]
[2023.07.16-03.52.07:461][  0]LogConfig: Setting CVar [[r.LightShaftQuality:1]]
[2023.07.16-03.52.07:461][  0]LogConfig: Setting CVar [[r.Filter.SizeScale:1]]
[2023.07.16-03.52.07:461][  0]LogConfig: Setting CVar [[r.Tonemapper.Quality:5]]
[2023.07.16-03.52.07:461][  0]LogConfig: Setting CVar [[r.DOF.Gather.AccumulatorQuality:1        ; higher gathering accumulator quality]]
[2023.07.16-03.52.07:461][  0]LogConfig: Setting CVar [[r.DOF.Gather.PostfilterMethod:1          ; Median3x3 postfilering method]]
[2023.07.16-03.52.07:461][  0]LogConfig: Setting CVar [[r.DOF.Gather.EnableBokehSettings:0       ; no bokeh simulation when gathering]]
[2023.07.16-03.52.07:461][  0]LogConfig: Setting CVar [[r.DOF.Gather.RingCount:4                 ; medium number of samples when gathering]]
[2023.07.16-03.52.07:461][  0]LogConfig: Setting CVar [[r.DOF.Scatter.ForegroundCompositing:1    ; additive foreground scattering]]
[2023.07.16-03.52.07:461][  0]LogConfig: Setting CVar [[r.DOF.Scatter.BackgroundCompositing:2    ; additive background scattering]]
[2023.07.16-03.52.07:461][  0]LogConfig: Setting CVar [[r.DOF.Scatter.EnableBokehSettings:1      ; bokeh simulation when scattering]]
[2023.07.16-03.52.07:461][  0]LogConfig: Setting CVar [[r.DOF.Scatter.MaxSpriteRatio:0.1         ; only a maximum of 10% of scattered bokeh]]
[2023.07.16-03.52.07:461][  0]LogConfig: Setting CVar [[r.DOF.Recombine.Quality:1                ; cheap slight out of focus]]
[2023.07.16-03.52.07:461][  0]LogConfig: Setting CVar [[r.DOF.Recombine.EnableBokehSettings:0    ; no bokeh simulation on slight out of focus]]
[2023.07.16-03.52.07:461][  0]LogConfig: Setting CVar [[r.DOF.TemporalAAQuality:1                ; more stable temporal accumulation]]
[2023.07.16-03.52.07:461][  0]LogConfig: Setting CVar [[r.DOF.Kernel.MaxForegroundRadius:0.025]]
[2023.07.16-03.52.07:461][  0]LogConfig: Setting CVar [[r.DOF.Kernel.MaxBackgroundRadius:0.025]]
[2023.07.16-03.52.07:461][  0]LogConfig: Applying CVar settings from Section [TextureQuality@3] File [D:/Development/Unreal Projects/VR_Prototypes/Saved/Config/Windows/Scalability.ini]
[2023.07.16-03.52.07:461][  0]LogConfig: Setting CVar [[r.Streaming.MipBias:0]]
[2023.07.16-03.52.07:461][  0]LogConfig: Setting CVar [[r.Streaming.AmortizeCPUToGPUCopy:0]]
[2023.07.16-03.52.07:461][  0]LogConfig: Setting CVar [[r.Streaming.MaxNumTexturesToStreamPerFrame:0]]
[2023.07.16-03.52.07:461][  0]LogConfig: Setting CVar [[r.Streaming.Boost:1]]
[2023.07.16-03.52.07:461][  0]LogConfig: Setting CVar [[r.MaxAnisotropy:8]]
[2023.07.16-03.52.07:461][  0]LogConfig: Setting CVar [[r.VT.MaxAnisotropy:8]]
[2023.07.16-03.52.07:461][  0]LogConfig: Setting CVar [[r.Streaming.LimitPoolSizeToVRAM:0]]
[2023.07.16-03.52.07:461][  0]LogConfig: Setting CVar [[r.Streaming.PoolSize:1000]]
[2023.07.16-03.52.07:461][  0]LogConfig: Setting CVar [[r.Streaming.MaxEffectiveScreenSize:0]]
[2023.07.16-03.52.07:461][  0]LogConfig: Applying CVar settings from Section [EffectsQuality@3] File [D:/Development/Unreal Projects/VR_Prototypes/Saved/Config/Windows/Scalability.ini]
[2023.07.16-03.52.07:461][  0]LogConfig: Setting CVar [[r.TranslucencyLightingVolumeDim:64]]
[2023.07.16-03.52.07:461][  0]LogConfig: Setting CVar [[r.RefractionQuality:2]]
[2023.07.16-03.52.07:461][  0]LogConfig: Setting CVar [[r.SSR.Quality:3]]
[2023.07.16-03.52.07:461][  0]LogConfig: Setting CVar [[r.SSR.HalfResSceneColor:0]]
[2023.07.16-03.52.07:461][  0]LogConfig: Setting CVar [[r.SceneColorFormat:4]]
[2023.07.16-03.52.07:461][  0]LogConfig: Setting CVar [[r.DetailMode:2]]
[2023.07.16-03.52.07:461][  0]LogConfig: Setting CVar [[r.TranslucencyVolumeBlur:1]]
[2023.07.16-03.52.07:461][  0]LogConfig: Setting CVar [[r.MaterialQualityLevel:1 ; High quality]]
[2023.07.16-03.52.07:461][  0]LogConfig: Setting CVar [[r.AnisotropicMaterials:1]]
[2023.07.16-03.52.07:461][  0]LogConfig: Setting CVar [[r.SSS.Scale:1]]
[2023.07.16-03.52.07:461][  0]LogConfig: Setting CVar [[r.SSS.SampleSet:2]]
[2023.07.16-03.52.07:461][  0]LogConfig: Setting CVar [[r.SSS.Quality:1]]
[2023.07.16-03.52.07:461][  0]LogConfig: Setting CVar [[r.SSS.HalfRes:0]]
[2023.07.16-03.52.07:461][  0]LogConfig: Setting CVar [[r.SSGI.Quality:3]]
[2023.07.16-03.52.07:461][  0]LogConfig: Setting CVar [[r.EmitterSpawnRateScale:1.0]]
[2023.07.16-03.52.07:461][  0]LogConfig: Setting CVar [[r.ParticleLightQuality:2]]
[2023.07.16-03.52.07:461][  0]LogConfig: Setting CVar [[r.SkyAtmosphere.AerialPerspectiveLUT.FastApplyOnOpaque:1 ; Always have FastSkyLUT 1 in this case to avoid wrong sky]]
[2023.07.16-03.52.07:461][  0]LogConfig: Setting CVar [[r.SkyAtmosphere.AerialPerspectiveLUT.SampleCountMaxPerSlice:4]]
[2023.07.16-03.52.07:461][  0]LogConfig: Setting CVar [[r.SkyAtmosphere.AerialPerspectiveLUT.DepthResolution:16.0]]
[2023.07.16-03.52.07:461][  0]LogConfig: Setting CVar [[r.SkyAtmosphere.FastSkyLUT:1]]
[2023.07.16-03.52.07:461][  0]LogConfig: Setting CVar [[r.SkyAtmosphere.FastSkyLUT.SampleCountMin:4.0]]
[2023.07.16-03.52.07:461][  0]LogConfig: Setting CVar [[r.SkyAtmosphere.FastSkyLUT.SampleCountMax:128.0]]
[2023.07.16-03.52.07:461][  0]LogConfig: Setting CVar [[r.SkyAtmosphere.SampleCountMin:4.0]]
[2023.07.16-03.52.07:461][  0]LogConfig: Setting CVar [[r.SkyAtmosphere.SampleCountMax:128.0]]
[2023.07.16-03.52.07:461][  0]LogConfig: Setting CVar [[r.SkyAtmosphere.TransmittanceLUT.UseSmallFormat:0]]
[2023.07.16-03.52.07:461][  0]LogConfig: Setting CVar [[r.SkyAtmosphere.TransmittanceLUT.SampleCount:10.0]]
[2023.07.16-03.52.07:461][  0]LogConfig: Setting CVar [[r.SkyAtmosphere.MultiScatteringLUT.SampleCount:15.0]]
[2023.07.16-03.52.07:461][  0]LogConfig: Setting CVar [[r.SkyLight.RealTimeReflectionCapture:1]]
[2023.07.16-03.52.07:461][  0]LogConfig: Applying CVar settings from Section [FoliageQuality@3] File [D:/Development/Unreal Projects/VR_Prototypes/Saved/Config/Windows/Scalability.ini]
[2023.07.16-03.52.07:461][  0]LogConfig: Setting CVar [[foliage.DensityScale:1.0]]
[2023.07.16-03.52.07:461][  0]LogConfig: Setting CVar [[grass.DensityScale:1.0]]
[2023.07.16-03.52.07:462][  0]LogConfig: Applying CVar settings from Section [ShadingQuality@3] File [D:/Development/Unreal Projects/VR_Prototypes/Saved/Config/Windows/Scalability.ini]
[2023.07.16-03.52.07:462][  0]LogConfig: Setting CVar [[r.HairStrands.SkyLighting.IntegrationType:2]]
[2023.07.16-03.52.07:462][  0]LogConfig: Setting CVar [[r.HairStrands.SkyAO.SampleCount:4]]
[2023.07.16-03.52.07:462][  0]LogConfig: Setting CVar [[r.HairStrands.Visibility.MSAA.SamplePerPixel:4]]
[2023.07.16-03.52.07:462][  0]LogConfig: Applying CVar settings from Section [Startup] File [../../../Engine/Config/ConsoleVariables.ini]
[2023.07.16-03.52.07:462][  0]LogConfig: Setting CVar [[net.UseAdaptiveNetUpdateFrequency:0]]
[2023.07.16-03.52.07:462][  0]LogConfig: Setting CVar [[p.chaos.AllowCreatePhysxBodies:1]]
[2023.07.16-03.52.07:462][  0]LogConfig: Setting CVar [[fx.SkipVectorVMBackendOptimizations:1]]
[2023.07.16-03.52.07:462][  0]LogConfig: Applying CVar settings from Section [ConsoleVariables] File [D:/Development/Unreal Projects/VR_Prototypes/Saved/Config/Windows/Engine.ini]
[2023.07.16-03.52.07:462][  0]LogConfig: Applying CVar settings from Section [ConsoleVariables] File [D:/Development/Unreal Projects/VR_Prototypes/Saved/Config/Windows/Editor.ini]
[2023.07.16-03.52.07:462][  0]LogInit: Computer: ARCAMACHINA
[2023.07.16-03.52.07:462][  0]LogInit: User: thepa
[2023.07.16-03.52.07:462][  0]LogInit: CPU Page size=4096, Cores=16
[2023.07.16-03.52.07:462][  0]LogInit: High frequency timer resolution =10.000000 MHz
[2023.07.16-03.52.07:462][  0]LogMemory: Memory total: Physical=31.8GB (32GB approx)
[2023.07.16-03.52.07:462][  0]LogMemory: Platform Memory Stats for Windows
[2023.07.16-03.52.07:462][  0]LogMemory: Process Physical Memory: 158.69 MB used, 158.69 MB peak
[2023.07.16-03.52.07:462][  0]LogMemory: Process Virtual Memory: 135.85 MB used, 135.85 MB peak
[2023.07.16-03.52.07:462][  0]LogMemory: Physical Memory: 12281.65 MB used,  20253.98 MB free, 32535.63 MB total
[2023.07.16-03.52.07:462][  0]LogMemory: Virtual Memory: 134200680.00 MB used,  17044.77 MB free, 134217728.00 MB total
[2023.07.16-03.52.07:464][  0]LogWindows: WindowsPlatformFeatures enabled
[2023.07.16-03.52.07:485][  0]LogInit: Physics initialised using underlying interface: PhysX
[2023.07.16-03.52.07:487][  0]LogInit: Using OS detected language (en-US).
[2023.07.16-03.52.07:487][  0]LogInit: Using OS detected locale (en-US).
[2023.07.16-03.52.07:489][  0]LogTextLocalizationManager: No specific localization for 'en-US' exists, so the 'en' localization will be used.
[2023.07.16-03.52.07:586][  0]LogInit: Setting process to per monitor DPI aware
[2023.07.16-03.52.07:592][  0]LogWindowsTextInputMethodSystem: Display: IME system deactivated.
[2023.07.16-03.52.07:599][  0]LogSlate: New Slate User Created.  User Index 0, Is Virtual User: 0
[2023.07.16-03.52.07:599][  0]LogSlate: Slate User Registered.  User Index 0, Is Virtual User: 0
[2023.07.16-03.52.07:647][  0]LogD3D11RHI: Loaded GFSDK_Aftermath_Lib.x64.dll
[2023.07.16-03.52.07:660][  0]LogHMD: Optional extension XR_VARJO_quad_views is not available
[2023.07.16-03.52.07:660][  0]LogHMD: Warning: Required extension XR_EXT_eye_gaze_interaction is not available
[2023.07.16-03.52.07:660][  0]LogHMD: Could not enable all required OpenXR extensions for OpenXREyeTracker on current system. This plugin will be loaded but ignored, but will be enabled on a target platform that supports the required extension.
[2023.07.16-03.52.07:701][  0]LogD3D11RHI: D3D11 min allowed feature level: 11_0
[2023.07.16-03.52.07:701][  0]LogD3D11RHI: D3D11 max allowed feature level: 11_0
[2023.07.16-03.52.07:701][  0]LogD3D11RHI: D3D11 adapters:
[2023.07.16-03.52.07:774][  0]LogD3D11RHI:    0. 'NVIDIA GeForce RTX 4080' (Feature Level 11_0)
[2023.07.16-03.52.07:774][  0]LogD3D11RHI:       16064/0/16267 MB DedicatedVideo/DedicatedSystem/SharedSystem, Outputs:2, VendorId:0x10de
[2023.07.16-03.52.07:816][  0]LogD3D11RHI:    1. 'Intel(R) UHD Graphics 770' (Feature Level 11_0)
[2023.07.16-03.52.07:816][  0]LogD3D11RHI:       128/0/16267 MB DedicatedVideo/DedicatedSystem/SharedSystem, Outputs:0, VendorId:0x8086
[2023.07.16-03.52.07:818][  0]LogD3D11RHI:    2. 'Microsoft Basic Render Driver' (Feature Level 11_0)
[2023.07.16-03.52.07:818][  0]LogD3D11RHI:       0/0/16267 MB DedicatedVideo/DedicatedSystem/SharedSystem, Outputs:0, VendorId:0x1414
[2023.07.16-03.52.07:818][  0]LogD3D11RHI: Chosen D3D11 Adapter:
[2023.07.16-03.52.07:818][  0]LogD3D11RHI:     Description : NVIDIA GeForce RTX 4080
[2023.07.16-03.52.07:818][  0]LogD3D11RHI:     VendorId    : 10de
[2023.07.16-03.52.07:818][  0]LogD3D11RHI:     DeviceId    : 2704
[2023.07.16-03.52.07:818][  0]LogD3D11RHI:     SubSysId    : 40bc1458
[2023.07.16-03.52.07:818][  0]LogD3D11RHI:     Revision    : 00a1
[2023.07.16-03.52.07:818][  0]LogD3D11RHI:     DedicatedVideoMemory : 16844324864 bytes
[2023.07.16-03.52.07:818][  0]LogD3D11RHI:     DedicatedSystemMemory : 0 bytes
[2023.07.16-03.52.07:818][  0]LogD3D11RHI:     SharedSystemMemory : 17058039808 bytes
[2023.07.16-03.52.07:818][  0]LogD3D11RHI:     AdapterLuid : 0 88308
[2023.07.16-03.52.07:822][  0]LogD3D11RHI: Creating new Direct3DDevice
[2023.07.16-03.52.07:822][  0]LogD3D11RHI:     GPU DeviceId: 0x2704 (for the marketing name, search the web for "GPU Device Id")
[2023.07.16-03.52.07:822][  0]LogWindows: EnumDisplayDevices:
[2023.07.16-03.52.07:822][  0]LogWindows:    0. 'NVIDIA GeForce RTX 4080' (P:0 D:1)
[2023.07.16-03.52.07:822][  0]LogWindows:    1. 'NVIDIA GeForce RTX 4080' (P:1 D:1)
[2023.07.16-03.52.07:823][  0]LogWindows:    2. 'NVIDIA GeForce RTX 4080' (P:0 D:0)
[2023.07.16-03.52.07:823][  0]LogWindows:    3. 'NVIDIA GeForce RTX 4080' (P:0 D:0)
[2023.07.16-03.52.07:823][  0]LogWindows:    4. 'Intel(R) UHD Graphics 770' (P:0 D:0)
[2023.07.16-03.52.07:823][  0]LogWindows:    5. 'Intel(R) UHD Graphics 770' (P:0 D:0)
[2023.07.16-03.52.07:823][  0]LogWindows:    6. 'Intel(R) UHD Graphics 770' (P:0 D:0)
[2023.07.16-03.52.07:823][  0]LogWindows:    7. 'Intel(R) UHD Graphics 770' (P:0 D:0)
[2023.07.16-03.52.07:823][  0]LogWindows: DebugString: PrimaryIsNotTheChoosenAdapter PrimaryIsNotTheChoosenAdapter PrimaryIsNotTheChoosenAdapter PrimaryIsNotTheChoosenAdapter FoundDriverCount:4 
[2023.07.16-03.52.07:823][  0]LogD3D11RHI:     Adapter Name: NVIDIA GeForce RTX 4080
[2023.07.16-03.52.07:823][  0]LogD3D11RHI:   Driver Version: 532.03 (internal:31.0.15.3203, unified:532.03)
[2023.07.16-03.52.07:823][  0]LogD3D11RHI:      Driver Date: 5-19-2023
[2023.07.16-03.52.07:823][  0]LogRHI: Texture pool is 11244 MB (70% of 16064 MB)
[2023.07.16-03.52.07:823][  0]LogD3D11RHI: Creating D3DDevice using adapter:
[2023.07.16-03.52.07:823][  0]LogD3D11RHI:     Description : NVIDIA GeForce RTX 4080
[2023.07.16-03.52.07:823][  0]LogD3D11RHI:     VendorId    : 10de
[2023.07.16-03.52.07:823][  0]LogD3D11RHI:     DeviceId    : 2704
[2023.07.16-03.52.07:823][  0]LogD3D11RHI:     SubSysId    : 40bc1458
[2023.07.16-03.52.07:823][  0]LogD3D11RHI:     Revision    : 00a1
[2023.07.16-03.52.07:823][  0]LogD3D11RHI:     DedicatedVideoMemory : 16844324864 bytes
[2023.07.16-03.52.07:823][  0]LogD3D11RHI:     DedicatedSystemMemory : 0 bytes
[2023.07.16-03.52.07:823][  0]LogD3D11RHI:     SharedSystemMemory : 17058039808 bytes
[2023.07.16-03.52.07:823][  0]LogD3D11RHI:     AdapterLuid : 0 88308
[2023.07.16-03.52.07:863][  0]LogD3D11RHI: RHI has support for 64 bit atomics
[2023.07.16-03.52.07:863][  0]LogD3D11RHI: Async texture creation enabled
[2023.07.16-03.52.07:863][  0]LogD3D11RHI: Array index from any shader is supported
[2023.07.16-03.52.07:885][  0]LogD3D11RHI: GPU Timing Frequency: 1000.000000 (Debug: 2 2)
[2023.07.16-03.52.07:899][  0]LogRHI: GeForceNow SDK initialized: 1
[2023.07.16-03.52.08:063][  0]LogTargetPlatformManager: Display: Loaded TargetPlatform 'AllDesktop'
[2023.07.16-03.52.08:074][  0]LogTargetPlatformManager: Display: Loaded TargetPlatform 'Android'
[2023.07.16-03.52.08:074][  0]LogTargetPlatformManager: Display: Loaded TargetPlatform 'Android_ASTC'
[2023.07.16-03.52.08:074][  0]LogTargetPlatformManager: Display: Loaded TargetPlatform 'Android_DXT'
[2023.07.16-03.52.08:074][  0]LogTargetPlatformManager: Display: Loaded TargetPlatform 'Android_ETC2'
[2023.07.16-03.52.08:074][  0]LogTargetPlatformManager: Display: Loaded TargetPlatform 'AndroidClient'
[2023.07.16-03.52.08:074][  0]LogTargetPlatformManager: Display: Loaded TargetPlatform 'Android_ASTCClient'
[2023.07.16-03.52.08:074][  0]LogTargetPlatformManager: Display: Loaded TargetPlatform 'Android_DXTClient'
[2023.07.16-03.52.08:074][  0]LogTargetPlatformManager: Display: Loaded TargetPlatform 'Android_ETC2Client'
[2023.07.16-03.52.08:074][  0]LogTargetPlatformManager: Display: Loaded TargetPlatform 'Android_Multi'
[2023.07.16-03.52.08:074][  0]LogTargetPlatformManager: Display: Loaded TargetPlatform 'Android_MultiClient'
[2023.07.16-03.52.08:083][  0]LogTargetPlatformManager: Display: Loaded TargetPlatform 'IOSClient'
[2023.07.16-03.52.08:083][  0]LogTargetPlatformManager: Display: Loaded TargetPlatform 'IOS'
[2023.07.16-03.52.08:088][  0]LogTargetPlatformManager: Display: Loaded TargetPlatform 'Linux'
[2023.07.16-03.52.08:091][  0]LogTargetPlatformManager: Display: Loaded TargetPlatform 'LinuxNoEditor'
[2023.07.16-03.52.08:093][  0]LogTargetPlatformManager: Display: Loaded TargetPlatform 'LinuxClient'
[2023.07.16-03.52.08:095][  0]LogTargetPlatformManager: Display: Loaded TargetPlatform 'LinuxServer'
[2023.07.16-03.52.08:099][  0]LogTargetPlatformManager: Display: Loaded TargetPlatform 'LinuxAArch64NoEditor'
[2023.07.16-03.52.08:102][  0]LogTargetPlatformManager: Display: Loaded TargetPlatform 'LinuxAArch64Client'
[2023.07.16-03.52.08:104][  0]LogTargetPlatformManager: Display: Loaded TargetPlatform 'LinuxAArch64Server'
[2023.07.16-03.52.08:116][  0]LogTargetPlatformManager: Display: Loaded TargetPlatform 'Lumin'
[2023.07.16-03.52.08:116][  0]LogTargetPlatformManager: Display: Loaded TargetPlatform 'LuminClient'
[2023.07.16-03.52.08:120][  0]LogTargetPlatformManager: Display: Loaded TargetPlatform 'MacNoEditor'
[2023.07.16-03.52.08:122][  0]LogTargetPlatformManager: Display: Loaded TargetPlatform 'Mac'
[2023.07.16-03.52.08:125][  0]LogTargetPlatformManager: Display: Loaded TargetPlatform 'MacClient'
[2023.07.16-03.52.08:127][  0]LogTargetPlatformManager: Display: Loaded TargetPlatform 'MacServer'
[2023.07.16-03.52.08:132][  0]LogTargetPlatformManager: Display: Loaded TargetPlatform 'TVOSClient'
[2023.07.16-03.52.08:132][  0]LogTargetPlatformManager: Display: Loaded TargetPlatform 'TVOS'
[2023.07.16-03.52.08:136][  0]LogTargetPlatformManager: Display: Loaded TargetPlatform 'WindowsNoEditor'
[2023.07.16-03.52.08:139][  0]LogTargetPlatformManager: Display: Loaded TargetPlatform 'Windows'
[2023.07.16-03.52.08:141][  0]LogTargetPlatformManager: Display: Loaded TargetPlatform 'WindowsClient'
[2023.07.16-03.52.08:143][  0]LogTargetPlatformManager: Display: Loaded TargetPlatform 'WindowsServer'
[2023.07.16-03.52.08:143][  0]LogTargetPlatformManager: Display: Building Assets For Windows
[2023.07.16-03.52.08:147][  0]LogAudioDebug: Display: Lib vorbis DLL was dynamically loaded.
[2023.07.16-03.52.08:162][  0]LogTextureFormatOodle: Display: Oodle Texture 2.9.0 init RDO Off
[2023.07.16-03.52.08:179][  0]LogRendererCore: Ray tracing is disabled. Reason: r.RayTracing=0.
[2023.07.16-03.52.08:179][  0]LogShaderCompilers: Guid format shader working directory is 1 characters bigger than the processId version (D:/Development/Unreal Projects/VR_Prototypes/Intermediate/Shaders/WorkingDirectory/27708/).
[2023.07.16-03.52.08:179][  0]LogShaderCompilers: Cleaned the shader compiler working directory 'C:/Users/thepa/AppData/Local/Temp/UnrealShaderWorkingDir/C920D716405156FC26362B960BE40E42/'.
[2023.07.16-03.52.08:179][  0]LogXGEController: Cannot use XGE Controller as Incredibuild is not installed on this machine.
[2023.07.16-03.52.08:179][  0]LogShaderCompilers: Cannot use XGE Shader Compiler as Incredibuild is not installed on this machine.
[2023.07.16-03.52.08:179][  0]LogShaderCompilers: Display: Using Local Shader Compiler.
[2023.07.16-03.52.08:607][  0]LogDerivedDataCache: Display: Max Cache Size: 512 MB
[2023.07.16-03.52.08:650][  0]LogDerivedDataCache: Loaded boot cache 0.04s 108MB C:/Users/thepa/AppData/Local/UnrealEngine/4.27/DerivedDataCache/Boot.ddc.
[2023.07.16-03.52.08:650][  0]LogDerivedDataCache: Display: Loaded Boot cache: C:/Users/thepa/AppData/Local/UnrealEngine/4.27/DerivedDataCache/Boot.ddc
[2023.07.16-03.52.08:650][  0]LogDerivedDataCache: FDerivedDataBackendGraph:  Pak pak cache file D:/Development/Unreal Projects/VR_Prototypes/DerivedDataCache/DDC.ddp not found, will not use a pak cache.
[2023.07.16-03.52.08:650][  0]LogDerivedDataCache: Unable to find inner node Pak for hierarchical cache Hierarchy.
[2023.07.16-03.52.08:650][  0]LogDerivedDataCache: FDerivedDataBackendGraph:  CompressedPak pak cache file D:/Development/Unreal Projects/VR_Prototypes/DerivedDataCache/Compressed.ddp not found, will not use a pak cache.
[2023.07.16-03.52.08:650][  0]LogDerivedDataCache: Unable to find inner node CompressedPak for hierarchical cache Hierarchy.
[2023.07.16-03.52.08:661][  0]LogDerivedDataCache: Display: Pak cache opened for reading ../../../Engine/DerivedDataCache/Compressed.ddp.
[2023.07.16-03.52.08:661][  0]LogDerivedDataCache: FDerivedDataBackendGraph:  EnterprisePak pak cache file ../../../Enterprise/DerivedDataCache/Compressed.ddp not found, will not use a pak cache.
[2023.07.16-03.52.08:661][  0]LogDerivedDataCache: Unable to find inner node EnterprisePak for hierarchical cache Hierarchy.
[2023.07.16-03.52.08:664][  0]LogDerivedDataCache: Speed tests for C:/Users/thepa/AppData/Local/UnrealEngine/Common/DerivedDataCache took 0.00 seconds
[2023.07.16-03.52.08:664][  0]LogDerivedDataCache: Display: Performance to C:/Users/thepa/AppData/Local/UnrealEngine/Common/DerivedDataCache: Latency=0.01ms. RandomReadSpeed=2269.75MBs, RandomWriteSpeed=371.55MBs. Assigned SpeedClass 'Local'
[2023.07.16-03.52.08:665][  0]LogDerivedDataCache: Using Local data cache path C:/Users/thepa/AppData/Local/UnrealEngine/Common/DerivedDataCache: Writable
[2023.07.16-03.52.08:665][  0]LogDerivedDataCache: Shared data cache path not found in *engine.ini, will not use an Shared cache.
[2023.07.16-03.52.08:665][  0]LogDerivedDataCache: Unable to find inner node Shared for hierarchical cache Hierarchy.
[2023.07.16-03.52.08:688][  0]LogSlate: Using FreeType 2.10.0
[2023.07.16-03.52.08:689][  0]LogSlate: SlateFontServices - WITH_FREETYPE: 1, WITH_HARFBUZZ: 1
[2023.07.16-03.52.08:703][  0]LogAssetRegistry: FAssetRegistry took 0.0017 seconds to start up
[2023.07.16-03.52.08:817][  0]LogInit: Selected Device Profile: [Windows]
[2023.07.16-03.52.08:817][  0]LogInit: Active device profile: [0000025236BA9D00][0000025233B22900 49] Windows
[2023.07.16-03.52.08:817][  0]LogInit: Profiles: [0000025236BA9D00][0000025233B22900 49] Windows, [0000025236B57600][0000025233B26A40 49] WindowsNoEditor, [0000025236BABD00][0000025233B2AB80 49] WindowsServer, [0000025236B54600][0000025233B2ECC0 49] WindowsClient, [0000025236BA8700][00000252366CCE40 49] IOS, [0000025236B56500][00000252366D0FC0 49] iPadAir, [0000025236BAAE00][00000252366D5140 49] iPadAir2, [0000025237AE5400][00000252366DD400 49] IPadPro, [0000025237AE5500][00000252366D9440 49] iPadAir3, [0000025236BA9500][00000252366E15C0 49] iPadAir4, [0000025237AE6D00][00000252366E5740 49] iPadMini2, [0000025236BA9E00][00000252366E98C0 49] iPadMini3, [0000025237AE5C00][00000252366EDA40 49] iPadMini4, [0000025236BA8C00][00000252366F1BC0 49] iPadMini5, [0000025237B39100][00000252366F8300 49] iPhone6, [0000025237B39200][00000252366F4340 49] iPodTouch6, [0000025236B57D00][0000025236700600 49] iPhone7, [0000025236B55C00][00000252366FC640 49] iPodTouch7, [0000025237AE7100][00000252367047C0 49] iPhone5S, [0000025236B57200][0000025236708940 49] iPhone6Plus, [0000025237B38100][000002523670CAC0 49] iPhone6S, [0000025237AE6700][0000025233B32C00 49] iPhone6SPlus, [0000025237B3B100][0000025236710D40 49] iPhone7Plus, [0000025237AE4D00][0000025236714E80 49] iPhoneSE, [0000025237B38C00][0000025236718FC0 49] iPhone8, [0000025236B54500][0000025236721140 49] iPhone8Plus, [0000025237B3B700][00000252367252C0 49] iPhoneX, [0000025236B56800][0000025236729440 49] iPhoneXS, [0000025237B3BA00][000002523672D5C0 49] iPhoneXSMax, [0000025236B54C00][0000025238741740 49] iPhoneXR, [0000025237B38E00][00000252387458C0 49] iPhone11, [0000025236B55F00][0000025238749A40 49] iPhone11Pro, [0000025237B38400][000002523874DBC0 49] iPhone11ProMax, [0000025236B55900][00000252387501C0 49] iPhoneSE2, [0000025237B39D00][0000025238754340 49] iPhone12Mini, [0000025236B57700][00000252387584C0 49] iPhone12, [0000025237B3A400][000002523875C640 49] iPhone12Pro, [0000025236B54E00][00000252387607C0 49] iPhone12ProMax, [0000025237B38700][0000025238764940 49] iPadPro105, [0000025236B56000][0000025238768AC0 49] iPadPro129, [0000025237B39800][000002523876CC40 49] iPadPro97, [0000025236B56D00][000002523671CD80 49] iPadPro2_129, [0000025237B38A00][0000025238770EC0 49] iPad5, [0000025236B55B00][0000025238775000 49] iPad6, [0000025237B3B200][0000025238779140 49] iPad7, [0000025236B57400][00000252387812C0 49] iPad8, [0000025237B3B900][0000025238785440 49] iPadPro11, [0000025236B57300][00000252387895C0 49] iPadPro2_11, [0000025237B3AA00][000002523878D740 49] iPadPro3_129, [0000025236B54800][00000252387918C0 49] iPadPro4_129, [0000025237B38800][0000025238795A40 49] AppleTV, [0000025236B54F00][0000025238799BC0 49] AppleTV4K, [0000025237B3AC00][000002523879C1C0 49] TVOS, [0000025236B55200][00000252387A0340 49] Mac, [0000025237B3B500][00000252387A44C0 49] MacClient, [0000025236B54700][00000252387A8640 49] MacNoEditor, [0000025237B3B600][00000252387AC7C0 49] MacServer, [0000025236B56600][00000252387B0940 49] Linux, [0000025237B3B400][00000252387B4AC0 49] LinuxAArch64, [0000025236B56200][00000252387B8C40 49] LinuxNoEditor, [0000025237B3BC00][00000252387BCDC0 49] LinuxAArch64NoEditor, [0000025236B54200][00000252387C0F40 49] LinuxClient, [0000025237B3B000][000002523877D080 49] LinuxAArch64Client, [0000025236B56700][00000252387C51C0 49] LinuxServer, [0000025237B38500][00000252387C9300 49] LinuxAArch64Server, [0000025236B57E00][00000252387D1480 49] Android, [0000025237B3BE00][00000252387D5600 49] Android_Low, [0000025236B56100][00000252387D9780 49] Android_Mid, [0000025237B3B300][00000252387DD900 49] Android_High, [0000025236B55100][00000252387E1A80 49] Android_Default, [0000025237B3BD00][00000252387E5C00 49] Android_Adreno4xx, [0000025236B57900][00000252387E8200 49] Android_Adreno5xx_Low, [0000025237B39B00][00000252387EC380 49] Android_Adreno5xx, [0000025236BA9900][00000252387F0500 49] Android_Adreno6xx, [0000025237AE4100][00000252387F4680 49] Android_Adreno6xx_Vulkan, [0000025236BA8B00][00000252387F8800 49] Android_Mali_T6xx, [0000025237AE5200][00000252387FC980 49] Android_Mali_T7xx, [0000025236BAA900][0000025238800B00 49] Android_Mali_T8xx, [0000025237AE5B00][0000025238804C80 49] Android_Mali_G71, [0000025236BAA500][0000025238808E00 49] Android_Mali_G72, [0000025237AE6F00][000002523880CF80 49] Android_Mali_G72_Vulkan, [0000025236BAA000][0000025238811100 49] Android_Mali_G76, [0000025237AE5E00][00000252387CD240 49] Android_Mali_G76_Vulkan, [0000025236BA9A00][0000025238815380 49] Android_Mali_G77, [0000025237AE4B00][00000252388194C0 49] Android_Mali_G77_Vulkan, [0000025236BA9600][0000025238821640 49] Android_Mali_G78, [0000025237AE5A00][00000252388257C0 49] Android_Mali_G78_Vulkan, [0000025236BABE00][0000025238829940 49] Android_Mali_G710, [0000025237AE5100][000002523882DAC0 49] Android_Mali_G710_Vulkan, [0000025236BA8D00][00000252388300C0 49] Android_Vulkan_SM5, [0000025237AE6200][0000025238834240 49] Android_PowerVR_G6xxx, [0000025236BAA300][00000252388383C0 49] Android_PowerVR_GT7xxx, [0000025237AE6000][000002523883C540 49] Android_PowerVR_GE8xxx, [0000025236BAB000][00000252388406C0 49] Android_PowerVR_GM9xxx, [0000025237AE6E00][0000025238844840 49] Android_PowerVR_GM9xxx_Vulkan, [0000025236BAB700][00000252388489C0 49] Android_TegraK1, [0000025237AE7600][000002523884CB40 49] Android_Unknown_Vulkan, [0000025237B38B00][0000025238850CC0 49] Lumin, [0000025237AE6900][0000025238854E40 49] Lumin_Desktop, [0000025237B39700][0000025238858FC0 49] HoloLens, 
[2023.07.16-03.52.08:886][  0]LogMeshReduction: Using QuadricMeshReduction for automatic static mesh reduction
[2023.07.16-03.52.08:886][  0]LogMeshReduction: Using SimplygonMeshReduction for automatic skeletal mesh reduction
[2023.07.16-03.52.08:886][  0]LogMeshReduction: Using ProxyLODMeshReduction for automatic mesh merging
[2023.07.16-03.52.08:886][  0]LogMeshReduction: No distributed automatic mesh merging module available
[2023.07.16-03.52.08:886][  0]LogMeshMerging: No distributed automatic mesh merging module available
[2023.07.16-03.52.08:894][  0]LogNetVersion: VR_Prototypes 1.0.0, NetCL: 17155196, EngineNetVer: 17, GameNetVer: 0 (Checksum: 2866936674)
[2023.07.16-03.52.09:091][  0]LogTexture: Default maximum texture size for cubemaps generated from long-lat sources has been changed from 512 to unlimited. In order to preserve old behaiour for '/Engine/MapTemplates/Sky/DaylightAmbientCubemap.DaylightAmbientCubemap', its maximum texture size has been explicitly set to 512.
[2023.07.16-03.52.09:126][  0]LogUObjectArray: 17011 objects as part of root set at end of initial load.
[2023.07.16-03.52.09:126][  0]LogUObjectAllocator: 4257152 out of 0 bytes used by permanent object pool.
[2023.07.16-03.52.09:126][  0]LogUObjectArray: CloseDisregardForGC: 0/0 objects in disregard for GC pool
[2023.07.16-03.52.09:208][  0]LogNiagaraDebuggerClient: Niagara Debugger Client Initialized | Session: 7CF25A424B062EE3A702FCA62385B696 | Instance: 9C864E6B4DBF0F5CDEA4719FAFE3BA5E (ARCAMACHINA-27708).
[2023.07.16-03.52.09:314][  0]LogPython: Using Python 3.7.7
[2023.07.16-03.52.09:580][  0]LogTcpMessaging: Initializing TcpMessaging bridge
[2023.07.16-03.52.09:582][  0]LogUdpMessaging: Initializing bridge on interface 0.0.0.0:0 to multicast group 230.0.0.1:6666.
[2023.07.16-03.52.09:672][  0]SourceControl: Source control is disabled
[2023.07.16-03.52.09:912][  0]LogUProjectInfo: Found projects:
[2023.07.16-03.52.09:996][  0]LogOpenImageDenoise: OIDN starting up
[2023.07.16-03.52.10:010][  0]LogAndroidPermission: UAndroidPermissionCallbackProxy::GetInstance
[2023.07.16-03.52.10:022][  0]LogAudioCaptureCore: Display: No Audio Capture implementations found. Audio input will be silent.
[2023.07.16-03.52.10:022][  0]LogAudioCaptureCore: Display: No Audio Capture implementations found. Audio input will be silent.
[2023.07.16-03.52.10:116][  0]LogCollectionManager: Loaded 0 collections in 0.000875 seconds
[2023.07.16-03.52.10:152][  0]LogFileCache: Scanning file cache for directory 'D:/Development/Unreal Projects/VR_Prototypes/Saved/Collections/' took 0.00s
[2023.07.16-03.52.10:152][  0]LogFileCache: Scanning file cache for directory 'D:/Development/Unreal Projects/VR_Prototypes/Content/Developers/thepa/Collections/' took 0.00s
[2023.07.16-03.52.10:152][  0]LogFileCache: Scanning file cache for directory 'D:/Development/Unreal Projects/VR_Prototypes/Content/Collections/' took 0.00s
[2023.07.16-03.52.10:152][  0]LogEngine: Initializing Engine...
[2023.07.16-03.52.10:167][  0]LogStats: UGameplayTagsManager::InitializeManager -  0.000 s
[2023.07.16-03.52.10:238][  0]LogInit: Initializing FReadOnlyCVARCache
[2023.07.16-03.52.10:243][  0]LogAIModule: Creating AISystem for world Untitled
[2023.07.16-03.52.10:250][  0]LogAudio: Display: Initializing Audio Device Manager...
[2023.07.16-03.52.10:252][  0]LogAudio: Display: Loading Default Audio Settings Objects...
[2023.07.16-03.52.10:252][  0]LogAudio: Display: No default SoundConcurrencyObject specified (or failed to load).
[2023.07.16-03.52.10:252][  0]LogAudio: Display: Audio Device Manager Initialized
[2023.07.16-03.52.10:252][  0]LogAudio: Display: Creating Audio Device:                 Id: 1, Scope: Shared, Realtime: True
[2023.07.16-03.52.10:252][  0]LogAudioMixer: Display: Audio Mixer Platform Settings:
[2023.07.16-03.52.10:252][  0]LogAudioMixer: Display: 	Sample Rate:						  48000
[2023.07.16-03.52.10:252][  0]LogAudioMixer: Display: 	Callback Buffer Frame Size Requested: 1024
[2023.07.16-03.52.10:252][  0]LogAudioMixer: Display: 	Callback Buffer Frame Size To Use:	  1024
[2023.07.16-03.52.10:252][  0]LogAudioMixer: Display: 	Number of buffers to queue:			  1
[2023.07.16-03.52.10:252][  0]LogAudioMixer: Display: 	Max Channels (voices):				  0
[2023.07.16-03.52.10:252][  0]LogAudioMixer: Display: 	Number of Async Source Workers:		  4
[2023.07.16-03.52.10:252][  0]LogAudio: Display: AudioDevice MaxSources: 32
[2023.07.16-03.52.10:252][  0]LogAudio: Display: Audio Spatialization Plugin: Resonance Audio is external send: 1
[2023.07.16-03.52.10:252][  0]LogAudio: Display: Audio Reverb Plugin: Resonance Audio
[2023.07.16-03.52.10:252][  0]LogAudio: Display: Audio Occlusion Plugin: None (built-in).
[2023.07.16-03.52.10:252][  0]LogAudioMixer: Display: Initializing audio mixer.
[2023.07.16-03.52.10:259][  0]LogAudioMixer: Display: 0: FrontLeft
[2023.07.16-03.52.10:259][  0]LogAudioMixer: Display: 1: FrontRight
[2023.07.16-03.52.10:277][  0]LogAudioMixer: Display: Using Audio Device Index HMD (NVIDIA High Definition Audio)
[2023.07.16-03.52.10:279][  0]LogAudioMixer: Display: Initializing Sound Submixes...
[2023.07.16-03.52.10:280][  0]LogAudioMixer: Display: Creating Master Submix 'MasterSubmixDefault'
[2023.07.16-03.52.10:280][  0]LogAudioMixer: Display: Creating Master Submix 'MasterReverbSubmixDefault'
[2023.07.16-03.52.10:281][  0]LogAudioMixer: Display: Creating Master Submix 'MasterEQSubmixDefault'
[2023.07.16-03.52.10:281][  0]LogAudioMixer: FMixerPlatformXAudio2::StartAudioStream() called
[2023.07.16-03.52.10:281][  0]LogAudioMixer: Display: Output buffers initialized: Frames=1024, Channels=2, Samples=2048
[2023.07.16-03.52.10:281][  0]LogAudioMixer: Display: Starting AudioMixerPlatformInterface::RunInternal()
[2023.07.16-03.52.10:281][  0]LogAudioMixer: Display: FMixerPlatformXAudio2::SubmitBuffer() called for the first time
[2023.07.16-03.52.10:281][  0]LogInit: FAudioDevice initialized.
[2023.07.16-03.52.10:282][  0]LogAudio: Display: Audio Device (ID: 1) registered with world 'Untitled'.
[2023.07.16-03.52.10:282][  0]LogNetVersion: Set ProjectVersion to 1.0.0.0. Version Checksum will be recalculated on next use.
[2023.07.16-03.52.10:325][  0]LogDerivedDataCache: Saved boot cache 0.04s 124MB C:/Users/thepa/AppData/Local/UnrealEngine/4.27/DerivedDataCache/Boot.ddc.
[2023.07.16-03.52.10:327][  0]LogInit: Texture streaming: Enabled
[2023.07.16-03.52.10:334][  0]LogAnalytics: Display: [UEEditor.Rocket.Release] APIServer = https://datarouter.ol.epicgames.com/. AppVersion = 4.27.2-18319896+++UE4+Release-4.27
[2023.07.16-03.52.10:336][  0]LogEngineSessionManager: EngineSessionManager initialized
[2023.07.16-03.52.10:336][  0]LogEditorSessionSummary: Verbose: Initializing EditorSessionSummaryWriter for editor session tracking
[2023.07.16-03.52.10:337][  0]LogEditorSessionSummary: EditorSessionSummaryWriter initialized
[2023.07.16-03.52.10:349][  0]LogInit: Transaction tracking system initialized
[2023.07.16-03.52.10:360][  0]BlueprintLog: New page: Editor Load
[2023.07.16-03.52.10:391][  0]LocalizationService: Localization service is disabled
[2023.07.16-03.52.10:402][  0]TimingProfiler: Initialize
[2023.07.16-03.52.10:402][  0]TimingProfiler: OnSessionChanged
[2023.07.16-03.52.10:402][  0]LoadingProfiler: Initialize
[2023.07.16-03.52.10:402][  0]LoadingProfiler: OnSessionChanged
[2023.07.16-03.52.10:402][  0]NetworkingProfiler: Initialize
[2023.07.16-03.52.10:402][  0]NetworkingProfiler: OnSessionChanged
[2023.07.16-03.52.10:402][  0]MemoryProfiler: Initialize
[2023.07.16-03.52.10:402][  0]MemoryProfiler: OnSessionChanged
[2023.07.16-03.52.10:477][  0]LogCook: Display: CookSettings for Memory: MemoryMaxUsedVirtual 0MiB, MemoryMaxUsedPhysical 16384MiB, MemoryMinFreeVirtual 0MiB, MemoryMinFreePhysical 1024MiB
[2023.07.16-03.52.10:477][  0]LogCook: Display: Mobile HDR setting 0
[2023.07.16-03.52.10:578][  0]LogFileCache: Scanning file cache for directory 'D:/Development/Unreal Projects/VR_Prototypes/Content/' took 0.00s
[2023.07.16-03.52.10:578][  0]LogInit: Display: Engine is initialized. Leaving FEngineLoop::Init()
[2023.07.16-03.52.10:580][  0]LogUnrealEdMisc: Loading editor; pre map load, took 3.684
[2023.07.16-03.52.10:580][  0]Cmd: MAP LOAD FILE="D:/Development/Unreal Projects/VR_Prototypes/Content/VRTemplate/Maps/VRTemplateMap.umap" TEMPLATE=0 SHOWPROGRESS=1 FEATURELEVEL=3
[2023.07.16-03.52.10:580][  0]LightingResults: New page: Lighting Build
[2023.07.16-03.52.10:580][  0]LogWorld: UWorld::CleanupWorld for Untitled, bSessionEnded=true, bCleanupResources=true
[2023.07.16-03.52.10:580][  0]LogSlate: InvalidateAllWidgets triggered.  All widgets were invalidated
[2023.07.16-03.52.10:581][  0]MapCheck: New page: Map Check
[2023.07.16-03.52.10:581][  0]LightingResults: New page: Lighting Build
[2023.07.16-03.52.10:583][  0]LogAudio: Display: Audio Device unregistered from world 'None'.
[2023.07.16-03.52.10:584][  0]LogUObjectHash: Compacting FUObjectHashTables data took   0.41ms
[2023.07.16-03.52.11:010][  0]LogAudio: Display: Audio Device (ID: 1) registered with world 'VRTemplateMap'.
[2023.07.16-03.52.11:010][  0]LogAIModule: Creating AISystem for world VRTemplateMap
[2023.07.16-03.52.11:015][  0]LogEditorServer: Finished looking for orphan Actors (0.000 secs)
[2023.07.16-03.52.11:024][  0]LogUObjectHash: Compacting FUObjectHashTables data took   0.67ms
[2023.07.16-03.52.11:025][  0]Cmd: MAP CHECKDEP NOCLEARLOG
[2023.07.16-03.52.11:025][  0]MapCheck: Map check complete: 0 Error(s), 0 Warning(s), took 0.06ms to complete.
[2023.07.16-03.52.11:025][  0]LogFileHelpers: Loading map 'VRTemplateMap' took 0.445
[2023.07.16-03.52.11:026][  0]LogUnrealEdMisc: Total Editor Startup Time, took 4.130
[2023.07.16-03.52.11:113][  0]LogSlate: Updating window title bar state: overlay mode, drag disabled, window buttons hidden, title bar hidden
[2023.07.16-03.52.11:116][  0]LogSlate: Updating window title bar state: overlay mode, drag disabled, window buttons hidden, title bar hidden
[2023.07.16-03.52.11:119][  0]LogSlate: Updating window title bar state: overlay mode, drag disabled, window buttons hidden, title bar hidden
[2023.07.16-03.52.11:122][  0]LogSlate: Updating window title bar state: overlay mode, drag disabled, window buttons hidden, title bar hidden
[2023.07.16-03.52.11:130][  0]LogNativeClassHierarchy: Verbose: Native class hierarchy populated in 0.0054 seconds. Added 3809 classes and 916 folders.
[2023.07.16-03.52.11:130][  0]LogNativeClassHierarchy: Verbose: Native class hierarchy updated for 'WidgetCarousel' in 0.0002 seconds. Added 0 classes and 0 folders.
[2023.07.16-03.52.11:131][  0]LogPakFile: PakFile PrimaryIndexSize=187
[2023.07.16-03.52.11:131][  0]LogPakFile: PakFile PathHashIndexSize=101
[2023.07.16-03.52.11:131][  0]LogPakFile: PakFile FullDirectoryIndexSize=148
[2023.07.16-03.52.11:131][  0]LogShaderLibrary: Display: ShaderCodeLibraryPakFileMountedCallback: PakFile 'C:/Program Files/UE_4.27/FeaturePacks/FP_FirstPerson.upack' (chunk index -1, root 'root:/') mounted
[2023.07.16-03.52.11:131][  0]LogShaderLibrary: Display: ShaderCodeLibraryPakFileMountedCallback: pending pak file info (ChunkID:-1 Root:root:/ File:C:/Program Files/UE_4.27/FeaturePacks/FP_FirstPerson.upack)
[2023.07.16-03.52.11:131][  0]LogPakFile: OnPakFileMounted2Time == 0.000034
[2023.07.16-03.52.11:131][  0]LogPakFile: PakFile PrimaryIndexSize=189
[2023.07.16-03.52.11:131][  0]LogPakFile: PakFile PathHashIndexSize=101
[2023.07.16-03.52.11:131][  0]LogPakFile: PakFile FullDirectoryIndexSize=152
[2023.07.16-03.52.11:131][  0]LogShaderLibrary: Display: ShaderCodeLibraryPakFileMountedCallback: PakFile 'C:/Program Files/UE_4.27/FeaturePacks/FP_FirstPersonBP.upack' (chunk index -1, root 'root:/') mounted
[2023.07.16-03.52.11:131][  0]LogShaderLibrary: Display: ShaderCodeLibraryPakFileMountedCallback: pending pak file info (ChunkID:-1 Root:root:/ File:C:/Program Files/UE_4.27/FeaturePacks/FP_FirstPersonBP.upack)
[2023.07.16-03.52.11:131][  0]LogPakFile: OnPakFileMounted2Time == 0.000018
[2023.07.16-03.52.11:132][  0]LogPakFile: PakFile PrimaryIndexSize=191
[2023.07.16-03.52.11:132][  0]LogPakFile: PakFile PathHashIndexSize=101
[2023.07.16-03.52.11:132][  0]LogPakFile: PakFile FullDirectoryIndexSize=160
[2023.07.16-03.52.11:132][  0]LogShaderLibrary: Display: ShaderCodeLibraryPakFileMountedCallback: PakFile 'C:/Program Files/UE_4.27/FeaturePacks/MobileStarterContent.upack' (chunk index -1, root 'root:/') mounted
[2023.07.16-03.52.11:132][  0]LogShaderLibrary: Display: ShaderCodeLibraryPakFileMountedCallback: pending pak file info (ChunkID:-1 Root:root:/ File:C:/Program Files/UE_4.27/FeaturePacks/MobileStarterContent.upack)
[2023.07.16-03.52.11:132][  0]LogPakFile: OnPakFileMounted2Time == 0.000016
[2023.07.16-03.52.11:132][  0]LogPakFile: PakFile PrimaryIndexSize=185
[2023.07.16-03.52.11:132][  0]LogPakFile: PakFile PathHashIndexSize=101
[2023.07.16-03.52.11:132][  0]LogPakFile: PakFile FullDirectoryIndexSize=148
[2023.07.16-03.52.11:132][  0]LogShaderLibrary: Display: ShaderCodeLibraryPakFileMountedCallback: PakFile 'C:/Program Files/UE_4.27/FeaturePacks/StarterContent.upack' (chunk index -1, root 'root:/') mounted
[2023.07.16-03.52.11:132][  0]LogShaderLibrary: Display: ShaderCodeLibraryPakFileMountedCallback: pending pak file info (ChunkID:-1 Root:root:/ File:C:/Program Files/UE_4.27/FeaturePacks/StarterContent.upack)
[2023.07.16-03.52.11:132][  0]LogPakFile: OnPakFileMounted2Time == 0.000021
[2023.07.16-03.52.11:132][  0]LogPakFile: PakFile PrimaryIndexSize=190
[2023.07.16-03.52.11:132][  0]LogPakFile: PakFile PathHashIndexSize=101
[2023.07.16-03.52.11:132][  0]LogPakFile: PakFile FullDirectoryIndexSize=154
[2023.07.16-03.52.11:132][  0]LogShaderLibrary: Display: ShaderCodeLibraryPakFileMountedCallback: PakFile 'C:/Program Files/UE_4.27/FeaturePacks/TP_2DSideScroller.upack' (chunk index -1, root 'root:/') mounted
[2023.07.16-03.52.11:132][  0]LogShaderLibrary: Display: ShaderCodeLibraryPakFileMountedCallback: pending pak file info (ChunkID:-1 Root:root:/ File:C:/Program Files/UE_4.27/FeaturePacks/TP_2DSideScroller.upack)
[2023.07.16-03.52.11:132][  0]LogPakFile: OnPakFileMounted2Time == 0.000018
[2023.07.16-03.52.11:132][  0]LogPakFile: PakFile PrimaryIndexSize=192
[2023.07.16-03.52.11:132][  0]LogPakFile: PakFile PathHashIndexSize=101
[2023.07.16-03.52.11:132][  0]LogPakFile: PakFile FullDirectoryIndexSize=158
[2023.07.16-03.52.11:132][  0]LogShaderLibrary: Display: ShaderCodeLibraryPakFileMountedCallback: PakFile 'C:/Program Files/UE_4.27/FeaturePacks/TP_2DSideScrollerBP.upack' (chunk index -1, root 'root:/') mounted
[2023.07.16-03.52.11:132][  0]LogShaderLibrary: Display: ShaderCodeLibraryPakFileMountedCallback: pending pak file info (ChunkID:-1 Root:root:/ File:C:/Program Files/UE_4.27/FeaturePacks/TP_2DSideScrollerBP.upack)
[2023.07.16-03.52.11:132][  0]LogPakFile: OnPakFileMounted2Time == 0.000017
[2023.07.16-03.52.11:132][  0]LogPakFile: PakFile PrimaryIndexSize=182
[2023.07.16-03.52.11:132][  0]LogPakFile: PakFile PathHashIndexSize=101
[2023.07.16-03.52.11:132][  0]LogPakFile: PakFile FullDirectoryIndexSize=138
[2023.07.16-03.52.11:132][  0]LogShaderLibrary: Display: ShaderCodeLibraryPakFileMountedCallback: PakFile 'C:/Program Files/UE_4.27/FeaturePacks/TP_Flying.upack' (chunk index -1, root 'root:/') mounted
[2023.07.16-03.52.11:132][  0]LogShaderLibrary: Display: ShaderCodeLibraryPakFileMountedCallback: pending pak file info (ChunkID:-1 Root:root:/ File:C:/Program Files/UE_4.27/FeaturePacks/TP_Flying.upack)
[2023.07.16-03.52.11:132][  0]LogPakFile: OnPakFileMounted2Time == 0.000014
[2023.07.16-03.52.11:132][  0]LogPakFile: PakFile PrimaryIndexSize=184
[2023.07.16-03.52.11:132][  0]LogPakFile: PakFile PathHashIndexSize=101
[2023.07.16-03.52.11:132][  0]LogPakFile: PakFile FullDirectoryIndexSize=142
[2023.07.16-03.52.11:132][  0]LogShaderLibrary: Display: ShaderCodeLibraryPakFileMountedCallback: PakFile 'C:/Program Files/UE_4.27/FeaturePacks/TP_FlyingBP.upack' (chunk index -1, root 'root:/') mounted
[2023.07.16-03.52.11:132][  0]LogShaderLibrary: Display: ShaderCodeLibraryPakFileMountedCallback: pending pak file info (ChunkID:-1 Root:root:/ File:C:/Program Files/UE_4.27/FeaturePacks/TP_FlyingBP.upack)
[2023.07.16-03.52.11:132][  0]LogPakFile: OnPakFileMounted2Time == 0.000015
[2023.07.16-03.52.11:133][  0]LogPakFile: PakFile PrimaryIndexSize=188
[2023.07.16-03.52.11:133][  0]LogPakFile: PakFile PathHashIndexSize=101
[2023.07.16-03.52.11:133][  0]LogPakFile: PakFile FullDirectoryIndexSize=150
[2023.07.16-03.52.11:133][  0]LogShaderLibrary: Display: ShaderCodeLibraryPakFileMountedCallback: PakFile 'C:/Program Files/UE_4.27/FeaturePacks/TP_HandheldARBP.upack' (chunk index -1, root 'root:/') mounted
[2023.07.16-03.52.11:133][  0]LogShaderLibrary: Display: ShaderCodeLibraryPakFileMountedCallback: pending pak file info (ChunkID:-1 Root:root:/ File:C:/Program Files/UE_4.27/FeaturePacks/TP_HandheldARBP.upack)
[2023.07.16-03.52.11:133][  0]LogPakFile: OnPakFileMounted2Time == 0.000015
[2023.07.16-03.52.11:134][  0]LogPakFile: PakFile PrimaryIndexSize=182
[2023.07.16-03.52.11:134][  0]LogPakFile: PakFile PathHashIndexSize=101
[2023.07.16-03.52.11:134][  0]LogPakFile: PakFile FullDirectoryIndexSize=138
[2023.07.16-03.52.11:134][  0]LogShaderLibrary: Display: ShaderCodeLibraryPakFileMountedCallback: PakFile 'C:/Program Files/UE_4.27/FeaturePacks/TP_Puzzle.upack' (chunk index -1, root 'root:/') mounted
[2023.07.16-03.52.11:134][  0]LogShaderLibrary: Display: ShaderCodeLibraryPakFileMountedCallback: pending pak file info (ChunkID:-1 Root:root:/ File:C:/Program Files/UE_4.27/FeaturePacks/TP_Puzzle.upack)
[2023.07.16-03.52.11:134][  0]LogPakFile: OnPakFileMounted2Time == 0.000015
[2023.07.16-03.52.11:134][  0]LogPakFile: PakFile PrimaryIndexSize=184
[2023.07.16-03.52.11:134][  0]LogPakFile: PakFile PathHashIndexSize=101
[2023.07.16-03.52.11:134][  0]LogPakFile: PakFile FullDirectoryIndexSize=142
[2023.07.16-03.52.11:134][  0]LogShaderLibrary: Display: ShaderCodeLibraryPakFileMountedCallback: PakFile 'C:/Program Files/UE_4.27/FeaturePacks/TP_PuzzleBP.upack' (chunk index -1, root 'root:/') mounted
[2023.07.16-03.52.11:134][  0]LogShaderLibrary: Display: ShaderCodeLibraryPakFileMountedCallback: pending pak file info (ChunkID:-1 Root:root:/ File:C:/Program Files/UE_4.27/FeaturePacks/TP_PuzzleBP.upack)
[2023.07.16-03.52.11:134][  0]LogPakFile: OnPakFileMounted2Time == 0.000015
[2023.07.16-03.52.11:134][  0]LogPakFile: PakFile PrimaryIndexSize=183
[2023.07.16-03.52.11:134][  0]LogPakFile: PakFile PathHashIndexSize=101
[2023.07.16-03.52.11:134][  0]LogPakFile: PakFile FullDirectoryIndexSize=140
[2023.07.16-03.52.11:134][  0]LogShaderLibrary: Display: ShaderCodeLibraryPakFileMountedCallback: PakFile 'C:/Program Files/UE_4.27/FeaturePacks/TP_Rolling.upack' (chunk index -1, root 'root:/') mounted
[2023.07.16-03.52.11:134][  0]LogShaderLibrary: Display: ShaderCodeLibraryPakFileMountedCallback: pending pak file info (ChunkID:-1 Root:root:/ File:C:/Program Files/UE_4.27/FeaturePacks/TP_Rolling.upack)
[2023.07.16-03.52.11:134][  0]LogPakFile: OnPakFileMounted2Time == 0.000014
[2023.07.16-03.52.11:134][  0]LogPakFile: PakFile PrimaryIndexSize=185
[2023.07.16-03.52.11:134][  0]LogPakFile: PakFile PathHashIndexSize=101
[2023.07.16-03.52.11:134][  0]LogPakFile: PakFile FullDirectoryIndexSize=144
[2023.07.16-03.52.11:134][  0]LogShaderLibrary: Display: ShaderCodeLibraryPakFileMountedCallback: PakFile 'C:/Program Files/UE_4.27/FeaturePacks/TP_RollingBP.upack' (chunk index -1, root 'root:/') mounted
[2023.07.16-03.52.11:134][  0]LogShaderLibrary: Display: ShaderCodeLibraryPakFileMountedCallback: pending pak file info (ChunkID:-1 Root:root:/ File:C:/Program Files/UE_4.27/FeaturePacks/TP_RollingBP.upack)
[2023.07.16-03.52.11:134][  0]LogPakFile: OnPakFileMounted2Time == 0.000014
[2023.07.16-03.52.11:135][  0]LogPakFile: PakFile PrimaryIndexSize=188
[2023.07.16-03.52.11:135][  0]LogPakFile: PakFile PathHashIndexSize=101
[2023.07.16-03.52.11:135][  0]LogPakFile: PakFile FullDirectoryIndexSize=150
[2023.07.16-03.52.11:135][  0]LogShaderLibrary: Display: ShaderCodeLibraryPakFileMountedCallback: PakFile 'C:/Program Files/UE_4.27/FeaturePacks/TP_SideScroller.upack' (chunk index -1, root 'root:/') mounted
[2023.07.16-03.52.11:135][  0]LogShaderLibrary: Display: ShaderCodeLibraryPakFileMountedCallback: pending pak file info (ChunkID:-1 Root:root:/ File:C:/Program Files/UE_4.27/FeaturePacks/TP_SideScroller.upack)
[2023.07.16-03.52.11:135][  0]LogPakFile: OnPakFileMounted2Time == 0.000014
[2023.07.16-03.52.11:135][  0]LogPakFile: PakFile PrimaryIndexSize=190
[2023.07.16-03.52.11:135][  0]LogPakFile: PakFile PathHashIndexSize=101
[2023.07.16-03.52.11:135][  0]LogPakFile: PakFile FullDirectoryIndexSize=154
[2023.07.16-03.52.11:135][  0]LogShaderLibrary: Display: ShaderCodeLibraryPakFileMountedCallback: PakFile 'C:/Program Files/UE_4.27/FeaturePacks/TP_SideScrollerBP.upack' (chunk index -1, root 'root:/') mounted
[2023.07.16-03.52.11:135][  0]LogShaderLibrary: Display: ShaderCodeLibraryPakFileMountedCallback: pending pak file info (ChunkID:-1 Root:root:/ File:C:/Program Files/UE_4.27/FeaturePacks/TP_SideScrollerBP.upack)
[2023.07.16-03.52.11:135][  0]LogPakFile: OnPakFileMounted2Time == 0.000015
[2023.07.16-03.52.11:135][  0]LogPakFile: PakFile PrimaryIndexSize=187
[2023.07.16-03.52.11:135][  0]LogPakFile: PakFile PathHashIndexSize=101
[2023.07.16-03.52.11:135][  0]LogPakFile: PakFile FullDirectoryIndexSize=148
[2023.07.16-03.52.11:135][  0]LogShaderLibrary: Display: ShaderCodeLibraryPakFileMountedCallback: PakFile 'C:/Program Files/UE_4.27/FeaturePacks/TP_ThirdPerson.upack' (chunk index -1, root 'root:/') mounted
[2023.07.16-03.52.11:135][  0]LogShaderLibrary: Display: ShaderCodeLibraryPakFileMountedCallback: pending pak file info (ChunkID:-1 Root:root:/ File:C:/Program Files/UE_4.27/FeaturePacks/TP_ThirdPerson.upack)
[2023.07.16-03.52.11:135][  0]LogPakFile: OnPakFileMounted2Time == 0.000014
[2023.07.16-03.52.11:135][  0]LogPakFile: PakFile PrimaryIndexSize=189
[2023.07.16-03.52.11:135][  0]LogPakFile: PakFile PathHashIndexSize=101
[2023.07.16-03.52.11:135][  0]LogPakFile: PakFile FullDirectoryIndexSize=152
[2023.07.16-03.52.11:135][  0]LogShaderLibrary: Display: ShaderCodeLibraryPakFileMountedCallback: PakFile 'C:/Program Files/UE_4.27/FeaturePacks/TP_ThirdPersonBP.upack' (chunk index -1, root 'root:/') mounted
[2023.07.16-03.52.11:135][  0]LogShaderLibrary: Display: ShaderCodeLibraryPakFileMountedCallback: pending pak file info (ChunkID:-1 Root:root:/ File:C:/Program Files/UE_4.27/FeaturePacks/TP_ThirdPersonBP.upack)
[2023.07.16-03.52.11:135][  0]LogPakFile: OnPakFileMounted2Time == 0.000014
[2023.07.16-03.52.11:135][  0]LogPakFile: PakFile PrimaryIndexSize=183
[2023.07.16-03.52.11:135][  0]LogPakFile: PakFile PathHashIndexSize=101
[2023.07.16-03.52.11:135][  0]LogPakFile: PakFile FullDirectoryIndexSize=140
[2023.07.16-03.52.11:135][  0]LogShaderLibrary: Display: ShaderCodeLibraryPakFileMountedCallback: PakFile 'C:/Program Files/UE_4.27/FeaturePacks/TP_TopDown.upack' (chunk index -1, root 'root:/') mounted
[2023.07.16-03.52.11:135][  0]LogShaderLibrary: Display: ShaderCodeLibraryPakFileMountedCallback: pending pak file info (ChunkID:-1 Root:root:/ File:C:/Program Files/UE_4.27/FeaturePacks/TP_TopDown.upack)
[2023.07.16-03.52.11:135][  0]LogPakFile: OnPakFileMounted2Time == 0.000018
[2023.07.16-03.52.11:135][  0]LogPakFile: PakFile PrimaryIndexSize=185
[2023.07.16-03.52.11:135][  0]LogPakFile: PakFile PathHashIndexSize=101
[2023.07.16-03.52.11:135][  0]LogPakFile: PakFile FullDirectoryIndexSize=144
[2023.07.16-03.52.11:136][  0]LogShaderLibrary: Display: ShaderCodeLibraryPakFileMountedCallback: PakFile 'C:/Program Files/UE_4.27/FeaturePacks/TP_TopDownBP.upack' (chunk index -1, root 'root:/') mounted
[2023.07.16-03.52.11:136][  0]LogShaderLibrary: Display: ShaderCodeLibraryPakFileMountedCallback: pending pak file info (ChunkID:-1 Root:root:/ File:C:/Program Files/UE_4.27/FeaturePacks/TP_TopDownBP.upack)
[2023.07.16-03.52.11:136][  0]LogPakFile: OnPakFileMounted2Time == 0.000016
[2023.07.16-03.52.11:136][  0]LogPakFile: PakFile PrimaryIndexSize=185
[2023.07.16-03.52.11:136][  0]LogPakFile: PakFile PathHashIndexSize=101
[2023.07.16-03.52.11:136][  0]LogPakFile: PakFile FullDirectoryIndexSize=144
[2023.07.16-03.52.11:136][  0]LogShaderLibrary: Display: ShaderCodeLibraryPakFileMountedCallback: PakFile 'C:/Program Files/UE_4.27/FeaturePacks/TP_TwinStick.upack' (chunk index -1, root 'root:/') mounted
[2023.07.16-03.52.11:136][  0]LogShaderLibrary: Display: ShaderCodeLibraryPakFileMountedCallback: pending pak file info (ChunkID:-1 Root:root:/ File:C:/Program Files/UE_4.27/FeaturePacks/TP_TwinStick.upack)
[2023.07.16-03.52.11:136][  0]LogPakFile: OnPakFileMounted2Time == 0.000014
[2023.07.16-03.52.11:136][  0]LogPakFile: PakFile PrimaryIndexSize=187
[2023.07.16-03.52.11:136][  0]LogPakFile: PakFile PathHashIndexSize=101
[2023.07.16-03.52.11:136][  0]LogPakFile: PakFile FullDirectoryIndexSize=148
[2023.07.16-03.52.11:136][  0]LogShaderLibrary: Display: ShaderCodeLibraryPakFileMountedCallback: PakFile 'C:/Program Files/UE_4.27/FeaturePacks/TP_TwinStickBP.upack' (chunk index -1, root 'root:/') mounted
[2023.07.16-03.52.11:136][  0]LogShaderLibrary: Display: ShaderCodeLibraryPakFileMountedCallback: pending pak file info (ChunkID:-1 Root:root:/ File:C:/Program Files/UE_4.27/FeaturePacks/TP_TwinStickBP.upack)
[2023.07.16-03.52.11:136][  0]LogPakFile: OnPakFileMounted2Time == 0.000017
[2023.07.16-03.52.11:136][  0]LogPakFile: PakFile PrimaryIndexSize=183
[2023.07.16-03.52.11:136][  0]LogPakFile: PakFile PathHashIndexSize=101
[2023.07.16-03.52.11:136][  0]LogPakFile: PakFile FullDirectoryIndexSize=140
[2023.07.16-03.52.11:136][  0]LogShaderLibrary: Display: ShaderCodeLibraryPakFileMountedCallback: PakFile 'C:/Program Files/UE_4.27/FeaturePacks/TP_Vehicle.upack' (chunk index -1, root 'root:/') mounted
[2023.07.16-03.52.11:136][  0]LogShaderLibrary: Display: ShaderCodeLibraryPakFileMountedCallback: pending pak file info (ChunkID:-1 Root:root:/ File:C:/Program Files/UE_4.27/FeaturePacks/TP_Vehicle.upack)
[2023.07.16-03.52.11:136][  0]LogPakFile: OnPakFileMounted2Time == 0.000014
[2023.07.16-03.52.11:136][  0]LogPakFile: PakFile PrimaryIndexSize=186
[2023.07.16-03.52.11:136][  0]LogPakFile: PakFile PathHashIndexSize=101
[2023.07.16-03.52.11:136][  0]LogPakFile: PakFile FullDirectoryIndexSize=146
[2023.07.16-03.52.11:136][  0]LogShaderLibrary: Display: ShaderCodeLibraryPakFileMountedCallback: PakFile 'C:/Program Files/UE_4.27/FeaturePacks/TP_VehicleAdv.upack' (chunk index -1, root 'root:/') mounted
[2023.07.16-03.52.11:136][  0]LogShaderLibrary: Display: ShaderCodeLibraryPakFileMountedCallback: pending pak file info (ChunkID:-1 Root:root:/ File:C:/Program Files/UE_4.27/FeaturePacks/TP_VehicleAdv.upack)
[2023.07.16-03.52.11:136][  0]LogPakFile: OnPakFileMounted2Time == 0.000014
[2023.07.16-03.52.11:136][  0]LogPakFile: PakFile PrimaryIndexSize=188
[2023.07.16-03.52.11:136][  0]LogPakFile: PakFile PathHashIndexSize=101
[2023.07.16-03.52.11:136][  0]LogPakFile: PakFile FullDirectoryIndexSize=150
[2023.07.16-03.52.11:136][  0]LogShaderLibrary: Display: ShaderCodeLibraryPakFileMountedCallback: PakFile 'C:/Program Files/UE_4.27/FeaturePacks/TP_VehicleAdvBP.upack' (chunk index -1, root 'root:/') mounted
[2023.07.16-03.52.11:136][  0]LogShaderLibrary: Display: ShaderCodeLibraryPakFileMountedCallback: pending pak file info (ChunkID:-1 Root:root:/ File:C:/Program Files/UE_4.27/FeaturePacks/TP_VehicleAdvBP.upack)
[2023.07.16-03.52.11:136][  0]LogPakFile: OnPakFileMounted2Time == 0.000015
[2023.07.16-03.52.11:137][  0]LogPakFile: PakFile PrimaryIndexSize=185
[2023.07.16-03.52.11:137][  0]LogPakFile: PakFile PathHashIndexSize=101
[2023.07.16-03.52.11:137][  0]LogPakFile: PakFile FullDirectoryIndexSize=144
[2023.07.16-03.52.11:137][  0]LogShaderLibrary: Display: ShaderCodeLibraryPakFileMountedCallback: PakFile 'C:/Program Files/UE_4.27/FeaturePacks/TP_VehicleBP.upack' (chunk index -1, root 'root:/') mounted
[2023.07.16-03.52.11:137][  0]LogShaderLibrary: Display: ShaderCodeLibraryPakFileMountedCallback: pending pak file info (ChunkID:-1 Root:root:/ File:C:/Program Files/UE_4.27/FeaturePacks/TP_VehicleBP.upack)
[2023.07.16-03.52.11:137][  0]LogPakFile: OnPakFileMounted2Time == 0.000014
[2023.07.16-03.52.11:137][  0]LogPakFile: PakFile PrimaryIndexSize=192
[2023.07.16-03.52.11:137][  0]LogPakFile: PakFile PathHashIndexSize=101
[2023.07.16-03.52.11:137][  0]LogPakFile: PakFile FullDirectoryIndexSize=158
[2023.07.16-03.52.11:137][  0]LogShaderLibrary: Display: ShaderCodeLibraryPakFileMountedCallback: PakFile 'C:/Program Files/UE_4.27/FeaturePacks/TP_VirtualRealityBP.upack' (chunk index -1, root 'root:/') mounted
[2023.07.16-03.52.11:137][  0]LogShaderLibrary: Display: ShaderCodeLibraryPakFileMountedCallback: pending pak file info (ChunkID:-1 Root:root:/ File:C:/Program Files/UE_4.27/FeaturePacks/TP_VirtualRealityBP.upack)
[2023.07.16-03.52.11:137][  0]LogPakFile: OnPakFileMounted2Time == 0.000014
[2023.07.16-03.52.11:154][  0]LogNativeClassHierarchy: Verbose: Native class hierarchy updated for 'AddContentDialog' in 0.0002 seconds. Added 0 classes and 0 folders.
[2023.07.16-03.52.11:154][  0]LogNativeClassHierarchy: Verbose: Native class hierarchy updated for 'SceneOutliner' in 0.0001 seconds. Added 2 classes and 0 folders.
[2023.07.16-03.52.11:174][  0]LogSlate: Took 0.000086 seconds to synchronously load lazily loaded font '../../../Engine/Content/Slate/Fonts/Roboto-Regular.ttf' (155K)
[2023.07.16-03.52.11:174][  0]LogSlate: Took 0.000061 seconds to synchronously load lazily loaded font '../../../Engine/Content/Editor/Slate/Fonts/FontAwesome.ttf' (139K)
[2023.07.16-03.52.11:175][  0]LogSlate: Took 0.000061 seconds to synchronously load lazily loaded font '../../../Engine/Content/Slate/Fonts/Roboto-Bold.ttf' (160K)
[2023.07.16-03.52.11:216][  0]LogRenderer: Reallocating scene render targets to support 1920x1080 Format 10 NumSamples 4 (Frame:1).
[2023.07.16-03.52.11:261][  0]LogProfilingDebugging: Allocated a 1320 x 567 texture for HMD canvas layer
[2023.07.16-03.52.11:274][  0]LogNativeClassHierarchy: Verbose: Native class hierarchy updated for 'HierarchicalLODOutliner' in 0.0001 seconds. Added 0 classes and 0 folders.
[2023.07.16-03.52.11:274][  0]LogLoad: (Engine Initialization) Total time: 4.38 seconds
[2023.07.16-03.52.11:274][  0]LogLoad: (Engine Initialization) Total Blueprint compile time: 0.00 seconds
[2023.07.16-03.52.11:354][  0]LogAssetRegistry: Asset discovery search completed in 2.6526 seconds
[2023.07.16-03.52.11:357][  0]LogCollectionManager: Fixed up redirectors for 0 collections in 0.000003 seconds (updated 0 objects)
[2023.07.16-03.52.11:363][  0]LogResonanceAudio: Display: Resonance Audio Listener is initialized
[2023.07.16-03.52.11:364][  0]LogContentStreaming: Texture pool size now 1000 MB
[2023.07.16-03.52.11:400][  2]LogSlate: Took 0.000114 seconds to synchronously load lazily loaded font '../../../Engine/Content/Slate/Fonts/Roboto-Light.ttf' (167K)
